[2025-04-30 01:43:45] STEP: Starting package_installation
[2025-04-30 10:44:37] STEP: package_installation completed
[2025-04-30 10:44:39] STEP: Starting ssh_setup
[2025-04-30 10:44:39] STEP: ssh_setup completed
[2025-04-30 10:44:39] STEP: Starting directory_setup
[2025-04-30 10:44:39] STEP: directory_setup completed
[2025-04-30 10:44:39] STEP: Starting vnc_config
[2025-04-30 10:44:39] STEP: vnc_config completed
[2025-04-30 10:44:39] STEP: Starting python_setup
[2025-04-30 10:44:42] STEP: python_setup completed
[2025-04-30 10:44:42] STEP: Starting tools_installation
[2025-04-30 10:44:51] STEP: tools_installation completed
[2025-04-30 10:44:51] STEP: Starting components_installation
[2025-04-30 10:45:12] STEP: components_installation completed
[2025-04-30 10:45:13] STEP: Starting wm_script_setup
[2025-04-30 10:45:13] STEP: wm_script_setup completed
[2025-04-30 10:45:13] STEP: Starting vnc_script_setup
[2025-04-30 10:45:13] STEP: vnc_script_setup completed
[2025-04-30 10:45:13] STEP: Starting provisioning_script_setup
[2025-04-30 10:45:13] STEP: provisioning_script_setup completed
[2025-04-30 10:45:13] STEP: Starting requirements_installation
[2025-04-30 10:48:42] STEP: requirements_installation completed
[2025-04-30 10:48:42] STEP: Starting repo_clone
[2025-04-30 10:48:45] STEP: repo_clone completed
[2025-04-30 10:48:45] STEP: Starting scikit_installation
[2025-04-30 10:48:47] STEP: scikit_installation completed
[2025-04-30 10:48:48] STEP: Starting model_download
[2025-04-30 10:48:48] STEP: model_download completed
