Starting on-start script at Wed Apr 30 11:07:26 AM KST 2025
Installing missing dependencies
Collecting opencv-python-headless
  Downloading opencv_python_headless-4.11.0.86-cp37-abi3-manylinux_2_17_x86_64.manylinux2014_x86_64.whl.metadata (20 kB)
Collecting pyqt-toast-notification==1.3.2
  Using cached pyqt_toast_notification-1.3.2-py3-none-any.whl.metadata (10.0 kB)
Requirement already satisfied: QtPy>=2.4.1 in /usr/local/lib/python3.10/dist-packages (from pyqt-toast-notification==1.3.2) (2.4.3)
Requirement already satisfied: numpy>=1.21.2 in /usr/local/lib/python3.10/dist-packages (from opencv-python-headless) (1.26.4)
Requirement already satisfied: packaging in /usr/local/lib/python3.10/dist-packages (from QtPy>=2.4.1->pyqt-toast-notification==1.3.2) (24.1)
Using cached pyqt_toast_notification-1.3.2-py3-none-any.whl (40 kB)
Downloading opencv_python_headless-4.11.0.86-cp37-abi3-manylinux_2_17_x86_64.manylinux2014_x86_64.whl (50.0 MB)
   ━━━━━━━━━━━━━━━━━━━━━━━━━━━━━━━━━━━━━━━━ 50.0/50.0 MB 193.9 kB/s eta 0:00:00
Installing collected packages: opencv-python-headless, pyqt-toast-notification

Successfully installed opencv-python-headless-4.11.0.86 pyqt-toast-notification-1.3.2
WARNING: Running pip as the 'root' user can result in broken permissions and conflicting behaviour with the system package manager, possibly rendering your system unusable. It is recommended to use a virtual environment instead: https://pip.pypa.io/warnings/venv. Use the --root-user-action option if you know what you are doing and want to suppress this warning.
Downloading provisioning script from: https://raw.githubusercontent.com/remphan1618/Red/main/vast_ai_provisioning_script.sh
Will not apply HSTS. The HSTS database must be a regular and non-world-writable file.
ERROR: could not open HSTS store at '/workspace/.wget-hsts'. HSTS will be disabled.
2025-04-30 11:12:04 URL:https://raw.githubusercontent.com/remphan1618/Red/main/vast_ai_provisioning_script.sh [22920/22920] -> "/tmp/prov.sh" [1]
Running provisioning script with fixed DISPLAY=:1
[2025-04-30 11:12:04] ===============================================
[2025-04-30 11:12:04] Starting VisoMaster Script: Wed Apr 30 11:12:04 AM KST 2025
[2025-04-30 11:12:04] ===============================================
[2025-04-30 11:12:04] Environment variables:
[2025-04-30 11:12:04] VAST_TCP_PORT_72299=63605
[2025-04-30 11:12:04] VAST_TCP_PORT_22=63897
[2025-04-30 11:12:04] VAST_TCP_PORT_6006=63013
[2025-04-30 11:12:04] VAST_DEVICE_IDXS=7
[2025-04-30 11:12:04] NO_VNC_HOME=/workspace/noVNC
[2025-04-30 11:12:04] VAST_TCP_PORT_8080=63982
[2025-04-30 11:12:04] VNC_RESOLUTION=1280x800
[2025-04-30 11:12:04] JUPYTER_TOKEN=cd094d692370ea37546d1da79a3dc6a8ba309d91ceeaacf151c1643dee320933
[2025-04-30 11:12:04] CONTAINER_API_KEY=2c3331389f1945f8ce18cb6490cb075ce9b62af8557a6ff6d2e441661f6a964a
[2025-04-30 11:12:04] JUPYTER_DIR=/
[2025-04-30 11:12:04] VAST_TCP_PORT_6901=63363
[2025-04-30 11:12:04] VNC_VIEW_ONLY=false
[2025-04-30 11:12:04] VNC_PW=vncpassword
[2025-04-30 11:12:04] CONTAINER_ID=19784065
[2025-04-30 11:12:04] CONTAINER_LABEL=C.19784065
[2025-04-30 11:12:04] VNC_COL_DEPTH=24
[2025-04-30 11:12:04] PROVISIONING_SCRIPT=https://raw.githubusercontent.com/remphan1618/Red/main/vast_ai_provisioning_script.sh
[2025-04-30 11:12:04] VAST_CONTAINER_USER=root
[2025-04-30 11:12:04] VAST_TCP_PORT_8384=63984
[2025-04-30 11:12:04] VAST_CONTAINERLABEL=C.19784065
[2025-04-30 11:12:04] VAST_TCP_PORT_1111=63555
[2025-04-30 11:12:04] VAST_TCP_PORT_8888=63021
[2025-04-30 11:12:04] VNC_PORT=5901
[2025-04-30 11:12:04] NO_VNC_PORT=6901
[2025-04-30 11:12:04] VAST_TCP_PORT_5901=63643
[2025-04-30 11:12:04] VNC_DPI=96
[2025-04-30 11:12:04] VAST_TCP_PORT_8585=63117
[2025-04-30 11:12:04] System information:
[2025-04-30 11:12:04] Linux 33c4e0fd3dc0 5.4.0-212-generic #232-Ubuntu SMP Sat Mar 15 15:34:35 UTC 2025 x86_64 x86_64 x86_64 GNU/Linux
[2025-04-30 11:12:04] PRETTY_NAME="Ubuntu 22.04.4 LTS"
[2025-04-30 11:12:04] NAME="Ubuntu"
[2025-04-30 11:12:04] VERSION_ID="22.04"
[2025-04-30 11:12:04] VERSION="22.04.4 LTS (Jammy Jellyfish)"
[2025-04-30 11:12:04] VERSION_CODENAME=jammy
[2025-04-30 11:12:04] ID=ubuntu
[2025-04-30 11:12:04] ID_LIKE=debian
[2025-04-30 11:12:04] HOME_URL="https://www.ubuntu.com/"
[2025-04-30 11:12:04] SUPPORT_URL="https://help.ubuntu.com/"
[2025-04-30 11:12:04] BUG_REPORT_URL="https://bugs.launchpad.net/ubuntu/"
[2025-04-30 11:12:04] PRIVACY_POLICY_URL="https://www.ubuntu.com/legal/terms-and-policies/privacy-policy"
[2025-04-30 11:12:04] UBUNTU_CODENAME=jammy
[2025-04-30 11:12:04] Disk space:
[2025-04-30 11:12:04] Filesystem      Size  Used Avail Use% Mounted on
[2025-04-30 11:12:04] overlay          75G  186M   75G   1% /
[2025-04-30 11:12:04] Checking for required tools:
[2025-04-30 11:12:04] ✅ curl: /usr/bin/curl
[2025-04-30 11:12:04] ✅ wget: /usr/bin/wget
[2025-04-30 11:12:04] ✅ git: /usr/bin/git
[2025-04-30 11:12:04] ✅ pip: /usr/local/bin/pip
[2025-04-30 11:12:04] ✅ python3: /usr/bin/python3
[2025-04-30 11:12:04] ✅ bash: /usr/bin/bash
[2025-04-30 11:12:04] ✅ vncserver: /usr/bin/vncserver
[2025-04-30 11:12:04] 
[2025-04-30 11:12:04] ===============================================
[2025-04-30 11:12:04] SECTION: VNC_Setup - Wed Apr 30 11:12:04 AM KST 2025
[2025-04-30 11:12:04] ===============================================
[2025-04-30 11:12:04] ✅ Using existing VNC startup script at /dockerstartup/vnc_startup.sh
[2025-04-30 11:12:04] ✅ Verified: VNC startup script exists at /dockerstartup/vnc_startup.sh
[2025-04-30 11:12:04] SECTION VNC_Setup: COMPLETED at Wed Apr 30 11:12:04 AM KST 2025
[2025-04-30 11:12:04] 
[2025-04-30 11:12:04] ===============================================
[2025-04-30 11:12:04] SECTION: WM_Setup - Wed Apr 30 11:12:04 AM KST 2025
[2025-04-30 11:12:04] ===============================================
[2025-04-30 11:12:04] ✅ Using existing window manager script at /workspace/wm_startup.sh
[2025-04-30 11:12:04] ✅ Verified: Window manager script exists at /workspace/wm_startup.sh
[2025-04-30 11:12:04] SECTION WM_Setup: COMPLETED at Wed Apr 30 11:12:04 AM KST 2025
[2025-04-30 11:12:04] 
[2025-04-30 11:12:04] ===============================================
[2025-04-30 11:12:04] SECTION: VNC_Password - Wed Apr 30 11:12:04 AM KST 2025
[2025-04-30 11:12:04] ===============================================
[2025-04-30 11:12:04] SECTION VNC_Password: COMPLETED at Wed Apr 30 11:12:04 AM KST 2025
[2025-04-30 11:12:04] 
[2025-04-30 11:12:04] ===============================================
[2025-04-30 11:12:04] SECTION: Repository_Clone - Wed Apr 30 11:12:04 AM KST 2025
[2025-04-30 11:12:04] ===============================================
[2025-04-30 11:12:04] Backing up important user files...
[2025-04-30 11:12:04] ✅ User data backed up
[2025-04-30 11:12:04] Removing existing repository...
[2025-04-30 11:12:04] Cloning fresh repository...
[2025-04-30 11:12:04] [2025-04-30 11:12:04] ERROR: Cloning into '/VisoMaster'...
[2025-04-30 11:12:08] ✅ Repository cloned successfully with main.py found
[2025-04-30 11:12:08] Restoring user data...
[2025-04-30 11:12:08] ✅ User data restored
[2025-04-30 11:12:08] ✅ Verified: VisoMaster directory exists at /VisoMaster
[2025-04-30 11:12:08] ✅ Verified: main.py script exists at /VisoMaster/main.py
[2025-04-30 11:12:08] SECTION Repository_Clone: COMPLETED at Wed Apr 30 11:12:08 AM KST 2025
[2025-04-30 11:12:08] 
[2025-04-30 11:12:08] ===============================================
[2025-04-30 11:12:08] SECTION: Python_Dependencies - Wed Apr 30 11:12:08 AM KST 2025
[2025-04-30 11:12:08] ===============================================
[2025-04-30 11:12:08] Installing CUDA 12.4 requirements...
[2025-04-30 11:12:09] Requirement already satisfied: tensorrt==10.6.0 in /usr/local/lib/python3.10/dist-packages (from -r /VisoMaster/requirements_cu124.txt (line 1)) (10.6.0)
[2025-04-30 11:12:09] Requirement already satisfied: tensorrt-cu12_libs==10.6.0 in /usr/local/lib/python3.10/dist-packages (from -r /VisoMaster/requirements_cu124.txt (line 2)) (10.6.0)
[2025-04-30 11:12:09] Requirement already satisfied: tensorrt-cu12_bindings==10.6.0 in /usr/local/lib/python3.10/dist-packages (from -r /VisoMaster/requirements_cu124.txt (line 3)) (10.6.0)
[2025-04-30 11:12:09] Requirement already satisfied: tensorrt-cu12==10.6.0 in /usr/local/lib/python3.10/dist-packages (from tensorrt==10.6.0->-r /VisoMaster/requirements_cu124.txt (line 1)) (10.6.0)
[2025-04-30 11:12:09] Requirement already satisfied: nvidia-cuda-runtime-cu12 in /usr/local/lib/python3.10/dist-packages (from tensorrt-cu12_libs==10.6.0->-r /VisoMaster/requirements_cu124.txt (line 2)) (12.4.99)
[2025-04-30 11:12:09] [2025-04-30 11:12:09] ERROR: WARNING: Running pip as the 'root' user can result in broken permissions and conflicting behaviour with the system package manager, possibly rendering your system unusable. It is recommended to use a virtual environment instead: https://pip.pypa.io/warnings/venv. Use the --root-user-action option if you know what you are doing and want to suppress this warning.
[2025-04-30 11:12:09] Installing critical packages...
[2025-04-30 11:12:09] Installing PySide6...
[2025-04-30 11:12:10] Collecting PySide6
[2025-04-30 11:12:10] Downloading PySide6-6.9.0-cp39-abi3-manylinux_2_28_x86_64.whl.metadata (5.5 kB)
[2025-04-30 11:12:10] Collecting shiboken6==6.9.0 (from PySide6)
[2025-04-30 11:12:10] Downloading shiboken6-6.9.0-cp39-abi3-manylinux_2_28_x86_64.whl.metadata (2.7 kB)
[2025-04-30 11:12:10] Collecting PySide6-Essentials==6.9.0 (from PySide6)
[2025-04-30 11:12:10] Downloading PySide6_Essentials-6.9.0-cp39-abi3-manylinux_2_28_x86_64.whl.metadata (3.9 kB)
[2025-04-30 11:12:10] Collecting PySide6-Addons==6.9.0 (from PySide6)
[2025-04-30 11:12:10] Downloading PySide6_Addons-6.9.0-cp39-abi3-manylinux_2_28_x86_64.whl.metadata (4.2 kB)
[2025-04-30 11:12:11] Downloading PySide6-6.9.0-cp39-abi3-manylinux_2_28_x86_64.whl (558 kB)
[2025-04-30 11:12:11] ━━━━━━━━━━━━━━━━━━━━━━━━━━━━━━━━━━━━━━━━ 558.1/558.1 kB 4.0 MB/s eta 0:00:00
[2025-04-30 11:12:11] Downloading PySide6_Addons-6.9.0-cp39-abi3-manylinux_2_28_x86_64.whl (166.3 MB)
[2025-04-30 11:15:29] ━━━━━━━━━━━━━━━━━━━━━━━━━━━━━━━━━━━━━━━ 166.3/166.3 MB 955.9 kB/s eta 0:00:00
[2025-04-30 11:15:30] Downloading PySide6_Essentials-6.9.0-cp39-abi3-manylinux_2_28_x86_64.whl (94.2 MB)
[2025-04-30 11:17:11] ━━━━━━━━━━━━━━━━━━━━━━━━━━━━━━━━━━━━━━━━ 94.2/94.2 MB 820.5 kB/s eta 0:00:00
[2025-04-30 11:17:11] Downloading shiboken6-6.9.0-cp39-abi3-manylinux_2_28_x86_64.whl (206 kB)
[2025-04-30 11:17:12] Installing collected packages: shiboken6, PySide6-Essentials, PySide6-Addons, PySide6
[2025-04-30 11:17:12] Attempting uninstall: shiboken6
[2025-04-30 11:17:12] Found existing installation: shiboken6 6.8.2.1
[2025-04-30 11:17:12] Uninstalling shiboken6-6.8.2.1:
[2025-04-30 11:17:12] Successfully uninstalled shiboken6-6.8.2.1
[2025-04-30 11:17:12] Attempting uninstall: PySide6-Essentials
[2025-04-30 11:17:12] Found existing installation: PySide6_Essentials 6.8.2.1
[2025-04-30 11:17:12] Uninstalling PySide6_Essentials-6.8.2.1:
[2025-04-30 11:17:13] Successfully uninstalled PySide6_Essentials-6.8.2.1
[2025-04-30 11:17:17] 
[2025-04-30 11:17:17] Successfully installed PySide6-6.9.0 PySide6-Addons-6.9.0 PySide6-Essentials-6.9.0 shiboken6-6.9.0
[2025-04-30 11:17:17] [2025-04-30 11:17:17] ERROR: WARNING: Running pip as the 'root' user can result in broken permissions and conflicting behaviour with the system package manager, possibly rendering your system unusable. It is recommended to use a virtual environment instead: https://pip.pypa.io/warnings/venv. Use the --root-user-action option if you know what you are doing and want to suppress this warning.
[2025-04-30 11:17:17] Installing jupyter...
[2025-04-30 11:17:18] Requirement already satisfied: jupyter in /usr/local/lib/python3.10/dist-packages (1.1.1)
[2025-04-30 11:17:18] Requirement already satisfied: notebook in /usr/local/lib/python3.10/dist-packages (from jupyter) (7.4.1)
[2025-04-30 11:17:18] Requirement already satisfied: jupyter-console in /usr/local/lib/python3.10/dist-packages (from jupyter) (6.6.3)
[2025-04-30 11:17:18] Requirement already satisfied: nbconvert in /usr/local/lib/python3.10/dist-packages (from jupyter) (7.16.6)
[2025-04-30 11:17:18] Requirement already satisfied: ipykernel in /usr/local/lib/python3.10/dist-packages (from jupyter) (6.29.5)
[2025-04-30 11:17:18] Requirement already satisfied: ipywidgets in /usr/local/lib/python3.10/dist-packages (from jupyter) (8.1.6)
[2025-04-30 11:17:18] Requirement already satisfied: jupyterlab in /usr/local/lib/python3.10/dist-packages (from jupyter) (4.4.1)
[2025-04-30 11:17:18] Requirement already satisfied: comm>=0.1.1 in /usr/local/lib/python3.10/dist-packages (from ipykernel->jupyter) (0.2.2)
[2025-04-30 11:17:18] Requirement already satisfied: debugpy>=1.6.5 in /usr/local/lib/python3.10/dist-packages (from ipykernel->jupyter) (1.8.14)
[2025-04-30 11:17:18] Requirement already satisfied: ipython>=7.23.1 in /usr/local/lib/python3.10/dist-packages (from ipykernel->jupyter) (8.36.0)
[2025-04-30 11:17:18] Requirement already satisfied: jupyter-client>=6.1.12 in /usr/local/lib/python3.10/dist-packages (from ipykernel->jupyter) (8.6.3)
[2025-04-30 11:17:18] Requirement already satisfied: jupyter-core!=5.0.*,>=4.12 in /usr/local/lib/python3.10/dist-packages (from ipykernel->jupyter) (5.7.2)
[2025-04-30 11:17:18] Requirement already satisfied: matplotlib-inline>=0.1 in /usr/local/lib/python3.10/dist-packages (from ipykernel->jupyter) (0.1.7)
[2025-04-30 11:17:18] Requirement already satisfied: nest-asyncio in /usr/local/lib/python3.10/dist-packages (from ipykernel->jupyter) (1.6.0)
[2025-04-30 11:17:18] Requirement already satisfied: packaging in /usr/local/lib/python3.10/dist-packages (from ipykernel->jupyter) (24.1)
[2025-04-30 11:17:18] Requirement already satisfied: psutil in /usr/local/lib/python3.10/dist-packages (from ipykernel->jupyter) (6.0.0)
[2025-04-30 11:17:18] Requirement already satisfied: pyzmq>=24 in /usr/local/lib/python3.10/dist-packages (from ipykernel->jupyter) (26.4.0)
[2025-04-30 11:17:18] Requirement already satisfied: tornado>=6.1 in /usr/local/lib/python3.10/dist-packages (from ipykernel->jupyter) (6.4.2)
[2025-04-30 11:17:18] Requirement already satisfied: traitlets>=5.4.0 in /usr/local/lib/python3.10/dist-packages (from ipykernel->jupyter) (5.14.3)
[2025-04-30 11:17:18] Requirement already satisfied: decorator in /usr/local/lib/python3.10/dist-packages (from ipython>=7.23.1->ipykernel->jupyter) (5.2.1)
[2025-04-30 11:17:18] Requirement already satisfied: exceptiongroup in /usr/local/lib/python3.10/dist-packages (from ipython>=7.23.1->ipykernel->jupyter) (1.2.2)
[2025-04-30 11:17:18] Requirement already satisfied: jedi>=0.16 in /usr/local/lib/python3.10/dist-packages (from ipython>=7.23.1->ipykernel->jupyter) (0.19.2)
[2025-04-30 11:17:18] Requirement already satisfied: pexpect>4.3 in /usr/local/lib/python3.10/dist-packages (from ipython>=7.23.1->ipykernel->jupyter) (4.9.0)
[2025-04-30 11:17:18] Requirement already satisfied: prompt_toolkit<3.1.0,>=3.0.41 in /usr/local/lib/python3.10/dist-packages (from ipython>=7.23.1->ipykernel->jupyter) (3.0.51)
[2025-04-30 11:17:18] Requirement already satisfied: pygments>=2.4.0 in /usr/local/lib/python3.10/dist-packages (from ipython>=7.23.1->ipykernel->jupyter) (2.19.1)
[2025-04-30 11:17:18] Requirement already satisfied: stack_data in /usr/local/lib/python3.10/dist-packages (from ipython>=7.23.1->ipykernel->jupyter) (0.6.3)
[2025-04-30 11:17:18] Requirement already satisfied: typing_extensions>=4.6 in /usr/local/lib/python3.10/dist-packages (from ipython>=7.23.1->ipykernel->jupyter) (4.13.2)
[2025-04-30 11:17:18] Requirement already satisfied: wcwidth in /usr/local/lib/python3.10/dist-packages (from prompt_toolkit<3.1.0,>=3.0.41->ipython>=7.23.1->ipykernel->jupyter) (0.2.13)
[2025-04-30 11:17:18] Requirement already satisfied: parso<0.9.0,>=0.8.4 in /usr/local/lib/python3.10/dist-packages (from jedi>=0.16->ipython>=7.23.1->ipykernel->jupyter) (0.8.4)
[2025-04-30 11:17:18] Requirement already satisfied: python-dateutil>=2.8.2 in /usr/local/lib/python3.10/dist-packages (from jupyter-client>=6.1.12->ipykernel->jupyter) (2.9.0.post0)
[2025-04-30 11:17:18] Requirement already satisfied: platformdirs>=2.5 in /usr/local/lib/python3.10/dist-packages (from jupyter-core!=5.0.*,>=4.12->ipykernel->jupyter) (4.3.7)
[2025-04-30 11:17:18] Requirement already satisfied: ptyprocess>=0.5 in /usr/local/lib/python3.10/dist-packages (from pexpect>4.3->ipython>=7.23.1->ipykernel->jupyter) (0.7.0)
[2025-04-30 11:17:18] Requirement already satisfied: six>=1.5 in /usr/lib/python3/dist-packages (from python-dateutil>=2.8.2->jupyter-client>=6.1.12->ipykernel->jupyter) (1.16.0)
[2025-04-30 11:17:18] Requirement already satisfied: widgetsnbextension~=4.0.14 in /usr/local/lib/python3.10/dist-packages (from ipywidgets->jupyter) (4.0.14)
[2025-04-30 11:17:18] Requirement already satisfied: jupyterlab_widgets~=3.0.14 in /usr/local/lib/python3.10/dist-packages (from ipywidgets->jupyter) (3.0.14)
[2025-04-30 11:17:18] Requirement already satisfied: async-lru>=1.0.0 in /usr/local/lib/python3.10/dist-packages (from jupyterlab->jupyter) (2.0.5)
[2025-04-30 11:17:18] Requirement already satisfied: httpx>=0.25.0 in /usr/local/lib/python3.10/dist-packages (from jupyterlab->jupyter) (0.28.1)
[2025-04-30 11:17:18] Requirement already satisfied: jinja2>=3.0.3 in /usr/local/lib/python3.10/dist-packages (from jupyterlab->jupyter) (3.1.6)
[2025-04-30 11:17:18] Requirement already satisfied: jupyter-lsp>=2.0.0 in /usr/local/lib/python3.10/dist-packages (from jupyterlab->jupyter) (2.2.5)
[2025-04-30 11:17:18] Requirement already satisfied: jupyter-server<3,>=2.4.0 in /usr/local/lib/python3.10/dist-packages (from jupyterlab->jupyter) (2.15.0)
[2025-04-30 11:17:18] Requirement already satisfied: jupyterlab-server<3,>=2.27.1 in /usr/local/lib/python3.10/dist-packages (from jupyterlab->jupyter) (2.27.3)
[2025-04-30 11:17:18] Requirement already satisfied: notebook-shim>=0.2 in /usr/local/lib/python3.10/dist-packages (from jupyterlab->jupyter) (0.2.4)
[2025-04-30 11:17:18] Requirement already satisfied: setuptools>=41.1.0 in /usr/local/lib/python3.10/dist-packages (from jupyterlab->jupyter) (80.0.1)
[2025-04-30 11:17:18] Requirement already satisfied: tomli>=1.2.2 in /usr/local/lib/python3.10/dist-packages (from jupyterlab->jupyter) (2.2.1)
[2025-04-30 11:17:18] Requirement already satisfied: anyio>=3.1.0 in /usr/local/lib/python3.10/dist-packages (from jupyter-server<3,>=2.4.0->jupyterlab->jupyter) (4.9.0)
[2025-04-30 11:17:18] Requirement already satisfied: argon2-cffi>=21.1 in /usr/local/lib/python3.10/dist-packages (from jupyter-server<3,>=2.4.0->jupyterlab->jupyter) (23.1.0)
[2025-04-30 11:17:18] Requirement already satisfied: jupyter-events>=0.11.0 in /usr/local/lib/python3.10/dist-packages (from jupyter-server<3,>=2.4.0->jupyterlab->jupyter) (0.12.0)
[2025-04-30 11:17:18] Requirement already satisfied: jupyter-server-terminals>=0.4.4 in /usr/local/lib/python3.10/dist-packages (from jupyter-server<3,>=2.4.0->jupyterlab->jupyter) (0.5.3)
[2025-04-30 11:17:18] Requirement already satisfied: nbformat>=5.3.0 in /usr/local/lib/python3.10/dist-packages (from jupyter-server<3,>=2.4.0->jupyterlab->jupyter) (5.10.4)
[2025-04-30 11:17:18] Requirement already satisfied: overrides>=5.0 in /usr/local/lib/python3.10/dist-packages (from jupyter-server<3,>=2.4.0->jupyterlab->jupyter) (7.7.0)
[2025-04-30 11:17:18] Requirement already satisfied: prometheus-client>=0.9 in /usr/local/lib/python3.10/dist-packages (from jupyter-server<3,>=2.4.0->jupyterlab->jupyter) (0.21.1)
[2025-04-30 11:17:18] Requirement already satisfied: send2trash>=1.8.2 in /usr/local/lib/python3.10/dist-packages (from jupyter-server<3,>=2.4.0->jupyterlab->jupyter) (1.8.3)
[2025-04-30 11:17:18] Requirement already satisfied: terminado>=0.8.3 in /usr/local/lib/python3.10/dist-packages (from jupyter-server<3,>=2.4.0->jupyterlab->jupyter) (0.18.1)
[2025-04-30 11:17:18] Requirement already satisfied: websocket-client>=1.7 in /usr/local/lib/python3.10/dist-packages (from jupyter-server<3,>=2.4.0->jupyterlab->jupyter) (1.8.0)
[2025-04-30 11:17:18] Requirement already satisfied: babel>=2.10 in /usr/local/lib/python3.10/dist-packages (from jupyterlab-server<3,>=2.27.1->jupyterlab->jupyter) (2.17.0)
[2025-04-30 11:17:18] Requirement already satisfied: json5>=0.9.0 in /usr/local/lib/python3.10/dist-packages (from jupyterlab-server<3,>=2.27.1->jupyterlab->jupyter) (0.12.0)
[2025-04-30 11:17:18] Requirement already satisfied: jsonschema>=4.18.0 in /usr/local/lib/python3.10/dist-packages (from jupyterlab-server<3,>=2.27.1->jupyterlab->jupyter) (4.23.0)
[2025-04-30 11:17:18] Requirement already satisfied: requests>=2.31 in /usr/local/lib/python3.10/dist-packages (from jupyterlab-server<3,>=2.27.1->jupyterlab->jupyter) (2.32.3)
[2025-04-30 11:17:18] Requirement already satisfied: idna>=2.8 in /usr/local/lib/python3.10/dist-packages (from anyio>=3.1.0->jupyter-server<3,>=2.4.0->jupyterlab->jupyter) (3.10)
[2025-04-30 11:17:18] Requirement already satisfied: sniffio>=1.1 in /usr/local/lib/python3.10/dist-packages (from anyio>=3.1.0->jupyter-server<3,>=2.4.0->jupyterlab->jupyter) (1.3.1)
[2025-04-30 11:17:18] Requirement already satisfied: argon2-cffi-bindings in /usr/local/lib/python3.10/dist-packages (from argon2-cffi>=21.1->jupyter-server<3,>=2.4.0->jupyterlab->jupyter) (21.2.0)
[2025-04-30 11:17:18] Requirement already satisfied: certifi in /usr/local/lib/python3.10/dist-packages (from httpx>=0.25.0->jupyterlab->jupyter) (2025.4.26)
[2025-04-30 11:17:18] Requirement already satisfied: httpcore==1.* in /usr/local/lib/python3.10/dist-packages (from httpx>=0.25.0->jupyterlab->jupyter) (1.0.9)
[2025-04-30 11:17:18] Requirement already satisfied: h11>=0.16 in /usr/local/lib/python3.10/dist-packages (from httpcore==1.*->httpx>=0.25.0->jupyterlab->jupyter) (0.16.0)
[2025-04-30 11:17:18] Requirement already satisfied: MarkupSafe>=2.0 in /usr/local/lib/python3.10/dist-packages (from jinja2>=3.0.3->jupyterlab->jupyter) (3.0.2)
[2025-04-30 11:17:18] Requirement already satisfied: attrs>=22.2.0 in /usr/local/lib/python3.10/dist-packages (from jsonschema>=4.18.0->jupyterlab-server<3,>=2.27.1->jupyterlab->jupyter) (25.3.0)
[2025-04-30 11:17:18] Requirement already satisfied: jsonschema-specifications>=2023.03.6 in /usr/local/lib/python3.10/dist-packages (from jsonschema>=4.18.0->jupyterlab-server<3,>=2.27.1->jupyterlab->jupyter) (2025.4.1)
[2025-04-30 11:17:18] Requirement already satisfied: referencing>=0.28.4 in /usr/local/lib/python3.10/dist-packages (from jsonschema>=4.18.0->jupyterlab-server<3,>=2.27.1->jupyterlab->jupyter) (0.36.2)
[2025-04-30 11:17:18] Requirement already satisfied: rpds-py>=0.7.1 in /usr/local/lib/python3.10/dist-packages (from jsonschema>=4.18.0->jupyterlab-server<3,>=2.27.1->jupyterlab->jupyter) (0.24.0)
[2025-04-30 11:17:18] Requirement already satisfied: python-json-logger>=2.0.4 in /usr/local/lib/python3.10/dist-packages (from jupyter-events>=0.11.0->jupyter-server<3,>=2.4.0->jupyterlab->jupyter) (3.3.0)
[2025-04-30 11:17:18] Requirement already satisfied: pyyaml>=5.3 in /usr/local/lib/python3.10/dist-packages (from jupyter-events>=0.11.0->jupyter-server<3,>=2.4.0->jupyterlab->jupyter) (6.0.2)
[2025-04-30 11:17:18] Requirement already satisfied: rfc3339-validator in /usr/local/lib/python3.10/dist-packages (from jupyter-events>=0.11.0->jupyter-server<3,>=2.4.0->jupyterlab->jupyter) (0.1.4)
[2025-04-30 11:17:18] Requirement already satisfied: rfc3986-validator>=0.1.1 in /usr/local/lib/python3.10/dist-packages (from jupyter-events>=0.11.0->jupyter-server<3,>=2.4.0->jupyterlab->jupyter) (0.1.1)
[2025-04-30 11:17:18] Requirement already satisfied: fqdn in /usr/local/lib/python3.10/dist-packages (from jsonschema[format-nongpl]>=4.18.0->jupyter-events>=0.11.0->jupyter-server<3,>=2.4.0->jupyterlab->jupyter) (1.5.1)
[2025-04-30 11:17:18] Requirement already satisfied: isoduration in /usr/local/lib/python3.10/dist-packages (from jsonschema[format-nongpl]>=4.18.0->jupyter-events>=0.11.0->jupyter-server<3,>=2.4.0->jupyterlab->jupyter) (20.11.0)
[2025-04-30 11:17:18] Requirement already satisfied: jsonpointer>1.13 in /usr/local/lib/python3.10/dist-packages (from jsonschema[format-nongpl]>=4.18.0->jupyter-events>=0.11.0->jupyter-server<3,>=2.4.0->jupyterlab->jupyter) (3.0.0)
[2025-04-30 11:17:18] Requirement already satisfied: uri-template in /usr/local/lib/python3.10/dist-packages (from jsonschema[format-nongpl]>=4.18.0->jupyter-events>=0.11.0->jupyter-server<3,>=2.4.0->jupyterlab->jupyter) (1.3.0)
[2025-04-30 11:17:18] Requirement already satisfied: webcolors>=24.6.0 in /usr/local/lib/python3.10/dist-packages (from jsonschema[format-nongpl]>=4.18.0->jupyter-events>=0.11.0->jupyter-server<3,>=2.4.0->jupyterlab->jupyter) (24.11.1)
[2025-04-30 11:17:18] Requirement already satisfied: beautifulsoup4 in /usr/local/lib/python3.10/dist-packages (from nbconvert->jupyter) (4.13.4)
[2025-04-30 11:17:18] Requirement already satisfied: bleach!=5.0.0 in /usr/local/lib/python3.10/dist-packages (from bleach[css]!=5.0.0->nbconvert->jupyter) (6.2.0)
[2025-04-30 11:17:18] Requirement already satisfied: defusedxml in /usr/local/lib/python3.10/dist-packages (from nbconvert->jupyter) (0.7.1)
[2025-04-30 11:17:18] Requirement already satisfied: jupyterlab-pygments in /usr/local/lib/python3.10/dist-packages (from nbconvert->jupyter) (0.3.0)
[2025-04-30 11:17:18] Requirement already satisfied: mistune<4,>=2.0.3 in /usr/local/lib/python3.10/dist-packages (from nbconvert->jupyter) (3.1.3)
[2025-04-30 11:17:18] Requirement already satisfied: nbclient>=0.5.0 in /usr/local/lib/python3.10/dist-packages (from nbconvert->jupyter) (0.10.2)
[2025-04-30 11:17:18] Requirement already satisfied: pandocfilters>=1.4.1 in /usr/local/lib/python3.10/dist-packages (from nbconvert->jupyter) (1.5.1)
[2025-04-30 11:17:18] Requirement already satisfied: webencodings in /usr/local/lib/python3.10/dist-packages (from bleach!=5.0.0->bleach[css]!=5.0.0->nbconvert->jupyter) (0.5.1)
[2025-04-30 11:17:18] Requirement already satisfied: tinycss2<1.5,>=1.1.0 in /usr/local/lib/python3.10/dist-packages (from bleach[css]!=5.0.0->nbconvert->jupyter) (1.4.0)
[2025-04-30 11:17:18] Requirement already satisfied: fastjsonschema>=2.15 in /usr/local/lib/python3.10/dist-packages (from nbformat>=5.3.0->jupyter-server<3,>=2.4.0->jupyterlab->jupyter) (2.21.1)
[2025-04-30 11:17:18] Requirement already satisfied: charset-normalizer<4,>=2 in /usr/local/lib/python3.10/dist-packages (from requests>=2.31->jupyterlab-server<3,>=2.27.1->jupyterlab->jupyter) (3.4.1)
[2025-04-30 11:17:18] Requirement already satisfied: urllib3<3,>=1.21.1 in /usr/local/lib/python3.10/dist-packages (from requests>=2.31->jupyterlab-server<3,>=2.27.1->jupyterlab->jupyter) (2.4.0)
[2025-04-30 11:17:18] Requirement already satisfied: cffi>=1.0.1 in /usr/local/lib/python3.10/dist-packages (from argon2-cffi-bindings->argon2-cffi>=21.1->jupyter-server<3,>=2.4.0->jupyterlab->jupyter) (1.17.1)
[2025-04-30 11:17:18] Requirement already satisfied: pycparser in /usr/local/lib/python3.10/dist-packages (from cffi>=1.0.1->argon2-cffi-bindings->argon2-cffi>=21.1->jupyter-server<3,>=2.4.0->jupyterlab->jupyter) (2.22)
[2025-04-30 11:17:18] Requirement already satisfied: soupsieve>1.2 in /usr/local/lib/python3.10/dist-packages (from beautifulsoup4->nbconvert->jupyter) (2.7)
[2025-04-30 11:17:18] Requirement already satisfied: arrow>=0.15.0 in /usr/local/lib/python3.10/dist-packages (from isoduration->jsonschema[format-nongpl]>=4.18.0->jupyter-events>=0.11.0->jupyter-server<3,>=2.4.0->jupyterlab->jupyter) (1.3.0)
[2025-04-30 11:17:18] Requirement already satisfied: types-python-dateutil>=2.8.10 in /usr/local/lib/python3.10/dist-packages (from arrow>=0.15.0->isoduration->jsonschema[format-nongpl]>=4.18.0->jupyter-events>=0.11.0->jupyter-server<3,>=2.4.0->jupyterlab->jupyter) (2.9.0.20241206)
[2025-04-30 11:17:18] Requirement already satisfied: executing>=1.2.0 in /usr/local/lib/python3.10/dist-packages (from stack_data->ipython>=7.23.1->ipykernel->jupyter) (2.2.0)
[2025-04-30 11:17:18] Requirement already satisfied: asttokens>=2.1.0 in /usr/local/lib/python3.10/dist-packages (from stack_data->ipython>=7.23.1->ipykernel->jupyter) (3.0.0)
[2025-04-30 11:17:18] Requirement already satisfied: pure-eval in /usr/local/lib/python3.10/dist-packages (from stack_data->ipython>=7.23.1->ipykernel->jupyter) (0.2.3)
[2025-04-30 11:17:18] [2025-04-30 11:17:18] ERROR: WARNING: Running pip as the 'root' user can result in broken permissions and conflicting behaviour with the system package manager, possibly rendering your system unusable. It is recommended to use a virtual environment instead: https://pip.pypa.io/warnings/venv. Use the --root-user-action option if you know what you are doing and want to suppress this warning.
[2025-04-30 11:17:18] Installing jupyterlab...
[2025-04-30 11:17:19] Requirement already satisfied: jupyterlab in /usr/local/lib/python3.10/dist-packages (4.4.1)
[2025-04-30 11:17:19] Requirement already satisfied: async-lru>=1.0.0 in /usr/local/lib/python3.10/dist-packages (from jupyterlab) (2.0.5)
[2025-04-30 11:17:19] Requirement already satisfied: httpx>=0.25.0 in /usr/local/lib/python3.10/dist-packages (from jupyterlab) (0.28.1)
[2025-04-30 11:17:19] Requirement already satisfied: ipykernel>=6.5.0 in /usr/local/lib/python3.10/dist-packages (from jupyterlab) (6.29.5)
[2025-04-30 11:17:19] Requirement already satisfied: jinja2>=3.0.3 in /usr/local/lib/python3.10/dist-packages (from jupyterlab) (3.1.6)
[2025-04-30 11:17:19] Requirement already satisfied: jupyter-core in /usr/local/lib/python3.10/dist-packages (from jupyterlab) (5.7.2)
[2025-04-30 11:17:19] Requirement already satisfied: jupyter-lsp>=2.0.0 in /usr/local/lib/python3.10/dist-packages (from jupyterlab) (2.2.5)
[2025-04-30 11:17:19] Requirement already satisfied: jupyter-server<3,>=2.4.0 in /usr/local/lib/python3.10/dist-packages (from jupyterlab) (2.15.0)
[2025-04-30 11:17:19] Requirement already satisfied: jupyterlab-server<3,>=2.27.1 in /usr/local/lib/python3.10/dist-packages (from jupyterlab) (2.27.3)
[2025-04-30 11:17:19] Requirement already satisfied: notebook-shim>=0.2 in /usr/local/lib/python3.10/dist-packages (from jupyterlab) (0.2.4)
[2025-04-30 11:17:19] Requirement already satisfied: packaging in /usr/local/lib/python3.10/dist-packages (from jupyterlab) (24.1)
[2025-04-30 11:17:19] Requirement already satisfied: setuptools>=41.1.0 in /usr/local/lib/python3.10/dist-packages (from jupyterlab) (80.0.1)
[2025-04-30 11:17:19] Requirement already satisfied: tomli>=1.2.2 in /usr/local/lib/python3.10/dist-packages (from jupyterlab) (2.2.1)
[2025-04-30 11:17:19] Requirement already satisfied: tornado>=6.2.0 in /usr/local/lib/python3.10/dist-packages (from jupyterlab) (6.4.2)
[2025-04-30 11:17:19] Requirement already satisfied: traitlets in /usr/local/lib/python3.10/dist-packages (from jupyterlab) (5.14.3)
[2025-04-30 11:17:19] Requirement already satisfied: anyio>=3.1.0 in /usr/local/lib/python3.10/dist-packages (from jupyter-server<3,>=2.4.0->jupyterlab) (4.9.0)
[2025-04-30 11:17:19] Requirement already satisfied: argon2-cffi>=21.1 in /usr/local/lib/python3.10/dist-packages (from jupyter-server<3,>=2.4.0->jupyterlab) (23.1.0)
[2025-04-30 11:17:19] Requirement already satisfied: jupyter-client>=7.4.4 in /usr/local/lib/python3.10/dist-packages (from jupyter-server<3,>=2.4.0->jupyterlab) (8.6.3)
[2025-04-30 11:17:19] Requirement already satisfied: jupyter-events>=0.11.0 in /usr/local/lib/python3.10/dist-packages (from jupyter-server<3,>=2.4.0->jupyterlab) (0.12.0)
[2025-04-30 11:17:19] Requirement already satisfied: jupyter-server-terminals>=0.4.4 in /usr/local/lib/python3.10/dist-packages (from jupyter-server<3,>=2.4.0->jupyterlab) (0.5.3)
[2025-04-30 11:17:19] Requirement already satisfied: nbconvert>=6.4.4 in /usr/local/lib/python3.10/dist-packages (from jupyter-server<3,>=2.4.0->jupyterlab) (7.16.6)
[2025-04-30 11:17:19] Requirement already satisfied: nbformat>=5.3.0 in /usr/local/lib/python3.10/dist-packages (from jupyter-server<3,>=2.4.0->jupyterlab) (5.10.4)
[2025-04-30 11:17:19] Requirement already satisfied: overrides>=5.0 in /usr/local/lib/python3.10/dist-packages (from jupyter-server<3,>=2.4.0->jupyterlab) (7.7.0)
[2025-04-30 11:17:19] Requirement already satisfied: prometheus-client>=0.9 in /usr/local/lib/python3.10/dist-packages (from jupyter-server<3,>=2.4.0->jupyterlab) (0.21.1)
[2025-04-30 11:17:19] Requirement already satisfied: pyzmq>=24 in /usr/local/lib/python3.10/dist-packages (from jupyter-server<3,>=2.4.0->jupyterlab) (26.4.0)
[2025-04-30 11:17:19] Requirement already satisfied: send2trash>=1.8.2 in /usr/local/lib/python3.10/dist-packages (from jupyter-server<3,>=2.4.0->jupyterlab) (1.8.3)
[2025-04-30 11:17:19] Requirement already satisfied: terminado>=0.8.3 in /usr/local/lib/python3.10/dist-packages (from jupyter-server<3,>=2.4.0->jupyterlab) (0.18.1)
[2025-04-30 11:17:19] Requirement already satisfied: websocket-client>=1.7 in /usr/local/lib/python3.10/dist-packages (from jupyter-server<3,>=2.4.0->jupyterlab) (1.8.0)
[2025-04-30 11:17:19] Requirement already satisfied: babel>=2.10 in /usr/local/lib/python3.10/dist-packages (from jupyterlab-server<3,>=2.27.1->jupyterlab) (2.17.0)
[2025-04-30 11:17:19] Requirement already satisfied: json5>=0.9.0 in /usr/local/lib/python3.10/dist-packages (from jupyterlab-server<3,>=2.27.1->jupyterlab) (0.12.0)
[2025-04-30 11:17:19] Requirement already satisfied: jsonschema>=4.18.0 in /usr/local/lib/python3.10/dist-packages (from jupyterlab-server<3,>=2.27.1->jupyterlab) (4.23.0)
[2025-04-30 11:17:19] Requirement already satisfied: requests>=2.31 in /usr/local/lib/python3.10/dist-packages (from jupyterlab-server<3,>=2.27.1->jupyterlab) (2.32.3)
[2025-04-30 11:17:19] Requirement already satisfied: exceptiongroup>=1.0.2 in /usr/local/lib/python3.10/dist-packages (from anyio>=3.1.0->jupyter-server<3,>=2.4.0->jupyterlab) (1.2.2)
[2025-04-30 11:17:19] Requirement already satisfied: idna>=2.8 in /usr/local/lib/python3.10/dist-packages (from anyio>=3.1.0->jupyter-server<3,>=2.4.0->jupyterlab) (3.10)
[2025-04-30 11:17:19] Requirement already satisfied: sniffio>=1.1 in /usr/local/lib/python3.10/dist-packages (from anyio>=3.1.0->jupyter-server<3,>=2.4.0->jupyterlab) (1.3.1)
[2025-04-30 11:17:19] Requirement already satisfied: typing_extensions>=4.5 in /usr/local/lib/python3.10/dist-packages (from anyio>=3.1.0->jupyter-server<3,>=2.4.0->jupyterlab) (4.13.2)
[2025-04-30 11:17:19] Requirement already satisfied: argon2-cffi-bindings in /usr/local/lib/python3.10/dist-packages (from argon2-cffi>=21.1->jupyter-server<3,>=2.4.0->jupyterlab) (21.2.0)
[2025-04-30 11:17:19] Requirement already satisfied: certifi in /usr/local/lib/python3.10/dist-packages (from httpx>=0.25.0->jupyterlab) (2025.4.26)
[2025-04-30 11:17:19] Requirement already satisfied: httpcore==1.* in /usr/local/lib/python3.10/dist-packages (from httpx>=0.25.0->jupyterlab) (1.0.9)
[2025-04-30 11:17:19] Requirement already satisfied: h11>=0.16 in /usr/local/lib/python3.10/dist-packages (from httpcore==1.*->httpx>=0.25.0->jupyterlab) (0.16.0)
[2025-04-30 11:17:19] Requirement already satisfied: comm>=0.1.1 in /usr/local/lib/python3.10/dist-packages (from ipykernel>=6.5.0->jupyterlab) (0.2.2)
[2025-04-30 11:17:19] Requirement already satisfied: debugpy>=1.6.5 in /usr/local/lib/python3.10/dist-packages (from ipykernel>=6.5.0->jupyterlab) (1.8.14)
[2025-04-30 11:17:19] Requirement already satisfied: ipython>=7.23.1 in /usr/local/lib/python3.10/dist-packages (from ipykernel>=6.5.0->jupyterlab) (8.36.0)
[2025-04-30 11:17:19] Requirement already satisfied: matplotlib-inline>=0.1 in /usr/local/lib/python3.10/dist-packages (from ipykernel>=6.5.0->jupyterlab) (0.1.7)
[2025-04-30 11:17:19] Requirement already satisfied: nest-asyncio in /usr/local/lib/python3.10/dist-packages (from ipykernel>=6.5.0->jupyterlab) (1.6.0)
[2025-04-30 11:17:19] Requirement already satisfied: psutil in /usr/local/lib/python3.10/dist-packages (from ipykernel>=6.5.0->jupyterlab) (6.0.0)
[2025-04-30 11:17:19] Requirement already satisfied: decorator in /usr/local/lib/python3.10/dist-packages (from ipython>=7.23.1->ipykernel>=6.5.0->jupyterlab) (5.2.1)
[2025-04-30 11:17:19] Requirement already satisfied: jedi>=0.16 in /usr/local/lib/python3.10/dist-packages (from ipython>=7.23.1->ipykernel>=6.5.0->jupyterlab) (0.19.2)
[2025-04-30 11:17:19] Requirement already satisfied: pexpect>4.3 in /usr/local/lib/python3.10/dist-packages (from ipython>=7.23.1->ipykernel>=6.5.0->jupyterlab) (4.9.0)
[2025-04-30 11:17:19] Requirement already satisfied: prompt_toolkit<3.1.0,>=3.0.41 in /usr/local/lib/python3.10/dist-packages (from ipython>=7.23.1->ipykernel>=6.5.0->jupyterlab) (3.0.51)
[2025-04-30 11:17:19] Requirement already satisfied: pygments>=2.4.0 in /usr/local/lib/python3.10/dist-packages (from ipython>=7.23.1->ipykernel>=6.5.0->jupyterlab) (2.19.1)
[2025-04-30 11:17:19] Requirement already satisfied: stack_data in /usr/local/lib/python3.10/dist-packages (from ipython>=7.23.1->ipykernel>=6.5.0->jupyterlab) (0.6.3)
[2025-04-30 11:17:19] Requirement already satisfied: wcwidth in /usr/local/lib/python3.10/dist-packages (from prompt_toolkit<3.1.0,>=3.0.41->ipython>=7.23.1->ipykernel>=6.5.0->jupyterlab) (0.2.13)
[2025-04-30 11:17:19] Requirement already satisfied: parso<0.9.0,>=0.8.4 in /usr/local/lib/python3.10/dist-packages (from jedi>=0.16->ipython>=7.23.1->ipykernel>=6.5.0->jupyterlab) (0.8.4)
[2025-04-30 11:17:19] Requirement already satisfied: MarkupSafe>=2.0 in /usr/local/lib/python3.10/dist-packages (from jinja2>=3.0.3->jupyterlab) (3.0.2)
[2025-04-30 11:17:19] Requirement already satisfied: attrs>=22.2.0 in /usr/local/lib/python3.10/dist-packages (from jsonschema>=4.18.0->jupyterlab-server<3,>=2.27.1->jupyterlab) (25.3.0)
[2025-04-30 11:17:19] Requirement already satisfied: jsonschema-specifications>=2023.03.6 in /usr/local/lib/python3.10/dist-packages (from jsonschema>=4.18.0->jupyterlab-server<3,>=2.27.1->jupyterlab) (2025.4.1)
[2025-04-30 11:17:19] Requirement already satisfied: referencing>=0.28.4 in /usr/local/lib/python3.10/dist-packages (from jsonschema>=4.18.0->jupyterlab-server<3,>=2.27.1->jupyterlab) (0.36.2)
[2025-04-30 11:17:19] Requirement already satisfied: rpds-py>=0.7.1 in /usr/local/lib/python3.10/dist-packages (from jsonschema>=4.18.0->jupyterlab-server<3,>=2.27.1->jupyterlab) (0.24.0)
[2025-04-30 11:17:19] Requirement already satisfied: python-dateutil>=2.8.2 in /usr/local/lib/python3.10/dist-packages (from jupyter-client>=7.4.4->jupyter-server<3,>=2.4.0->jupyterlab) (2.9.0.post0)
[2025-04-30 11:17:19] Requirement already satisfied: platformdirs>=2.5 in /usr/local/lib/python3.10/dist-packages (from jupyter-core->jupyterlab) (4.3.7)
[2025-04-30 11:17:19] Requirement already satisfied: python-json-logger>=2.0.4 in /usr/local/lib/python3.10/dist-packages (from jupyter-events>=0.11.0->jupyter-server<3,>=2.4.0->jupyterlab) (3.3.0)
[2025-04-30 11:17:19] Requirement already satisfied: pyyaml>=5.3 in /usr/local/lib/python3.10/dist-packages (from jupyter-events>=0.11.0->jupyter-server<3,>=2.4.0->jupyterlab) (6.0.2)
[2025-04-30 11:17:19] Requirement already satisfied: rfc3339-validator in /usr/local/lib/python3.10/dist-packages (from jupyter-events>=0.11.0->jupyter-server<3,>=2.4.0->jupyterlab) (0.1.4)
[2025-04-30 11:17:19] Requirement already satisfied: rfc3986-validator>=0.1.1 in /usr/local/lib/python3.10/dist-packages (from jupyter-events>=0.11.0->jupyter-server<3,>=2.4.0->jupyterlab) (0.1.1)
[2025-04-30 11:17:19] Requirement already satisfied: fqdn in /usr/local/lib/python3.10/dist-packages (from jsonschema[format-nongpl]>=4.18.0->jupyter-events>=0.11.0->jupyter-server<3,>=2.4.0->jupyterlab) (1.5.1)
[2025-04-30 11:17:19] Requirement already satisfied: isoduration in /usr/local/lib/python3.10/dist-packages (from jsonschema[format-nongpl]>=4.18.0->jupyter-events>=0.11.0->jupyter-server<3,>=2.4.0->jupyterlab) (20.11.0)
[2025-04-30 11:17:19] Requirement already satisfied: jsonpointer>1.13 in /usr/local/lib/python3.10/dist-packages (from jsonschema[format-nongpl]>=4.18.0->jupyter-events>=0.11.0->jupyter-server<3,>=2.4.0->jupyterlab) (3.0.0)
[2025-04-30 11:17:19] Requirement already satisfied: uri-template in /usr/local/lib/python3.10/dist-packages (from jsonschema[format-nongpl]>=4.18.0->jupyter-events>=0.11.0->jupyter-server<3,>=2.4.0->jupyterlab) (1.3.0)
[2025-04-30 11:17:19] Requirement already satisfied: webcolors>=24.6.0 in /usr/local/lib/python3.10/dist-packages (from jsonschema[format-nongpl]>=4.18.0->jupyter-events>=0.11.0->jupyter-server<3,>=2.4.0->jupyterlab) (24.11.1)
[2025-04-30 11:17:19] Requirement already satisfied: beautifulsoup4 in /usr/local/lib/python3.10/dist-packages (from nbconvert>=6.4.4->jupyter-server<3,>=2.4.0->jupyterlab) (4.13.4)
[2025-04-30 11:17:19] Requirement already satisfied: bleach!=5.0.0 in /usr/local/lib/python3.10/dist-packages (from bleach[css]!=5.0.0->nbconvert>=6.4.4->jupyter-server<3,>=2.4.0->jupyterlab) (6.2.0)
[2025-04-30 11:17:19] Requirement already satisfied: defusedxml in /usr/local/lib/python3.10/dist-packages (from nbconvert>=6.4.4->jupyter-server<3,>=2.4.0->jupyterlab) (0.7.1)
[2025-04-30 11:17:19] Requirement already satisfied: jupyterlab-pygments in /usr/local/lib/python3.10/dist-packages (from nbconvert>=6.4.4->jupyter-server<3,>=2.4.0->jupyterlab) (0.3.0)
[2025-04-30 11:17:19] Requirement already satisfied: mistune<4,>=2.0.3 in /usr/local/lib/python3.10/dist-packages (from nbconvert>=6.4.4->jupyter-server<3,>=2.4.0->jupyterlab) (3.1.3)
[2025-04-30 11:17:19] Requirement already satisfied: nbclient>=0.5.0 in /usr/local/lib/python3.10/dist-packages (from nbconvert>=6.4.4->jupyter-server<3,>=2.4.0->jupyterlab) (0.10.2)
[2025-04-30 11:17:19] Requirement already satisfied: pandocfilters>=1.4.1 in /usr/local/lib/python3.10/dist-packages (from nbconvert>=6.4.4->jupyter-server<3,>=2.4.0->jupyterlab) (1.5.1)
[2025-04-30 11:17:19] Requirement already satisfied: webencodings in /usr/local/lib/python3.10/dist-packages (from bleach!=5.0.0->bleach[css]!=5.0.0->nbconvert>=6.4.4->jupyter-server<3,>=2.4.0->jupyterlab) (0.5.1)
[2025-04-30 11:17:19] Requirement already satisfied: tinycss2<1.5,>=1.1.0 in /usr/local/lib/python3.10/dist-packages (from bleach[css]!=5.0.0->nbconvert>=6.4.4->jupyter-server<3,>=2.4.0->jupyterlab) (1.4.0)
[2025-04-30 11:17:19] Requirement already satisfied: fastjsonschema>=2.15 in /usr/local/lib/python3.10/dist-packages (from nbformat>=5.3.0->jupyter-server<3,>=2.4.0->jupyterlab) (2.21.1)
[2025-04-30 11:17:19] Requirement already satisfied: ptyprocess>=0.5 in /usr/local/lib/python3.10/dist-packages (from pexpect>4.3->ipython>=7.23.1->ipykernel>=6.5.0->jupyterlab) (0.7.0)
[2025-04-30 11:17:19] Requirement already satisfied: six>=1.5 in /usr/lib/python3/dist-packages (from python-dateutil>=2.8.2->jupyter-client>=7.4.4->jupyter-server<3,>=2.4.0->jupyterlab) (1.16.0)
[2025-04-30 11:17:19] Requirement already satisfied: charset-normalizer<4,>=2 in /usr/local/lib/python3.10/dist-packages (from requests>=2.31->jupyterlab-server<3,>=2.27.1->jupyterlab) (3.4.1)
[2025-04-30 11:17:19] Requirement already satisfied: urllib3<3,>=1.21.1 in /usr/local/lib/python3.10/dist-packages (from requests>=2.31->jupyterlab-server<3,>=2.27.1->jupyterlab) (2.4.0)
[2025-04-30 11:17:19] Requirement already satisfied: cffi>=1.0.1 in /usr/local/lib/python3.10/dist-packages (from argon2-cffi-bindings->argon2-cffi>=21.1->jupyter-server<3,>=2.4.0->jupyterlab) (1.17.1)
[2025-04-30 11:17:19] Requirement already satisfied: pycparser in /usr/local/lib/python3.10/dist-packages (from cffi>=1.0.1->argon2-cffi-bindings->argon2-cffi>=21.1->jupyter-server<3,>=2.4.0->jupyterlab) (2.22)
[2025-04-30 11:17:19] Requirement already satisfied: soupsieve>1.2 in /usr/local/lib/python3.10/dist-packages (from beautifulsoup4->nbconvert>=6.4.4->jupyter-server<3,>=2.4.0->jupyterlab) (2.7)
[2025-04-30 11:17:19] Requirement already satisfied: arrow>=0.15.0 in /usr/local/lib/python3.10/dist-packages (from isoduration->jsonschema[format-nongpl]>=4.18.0->jupyter-events>=0.11.0->jupyter-server<3,>=2.4.0->jupyterlab) (1.3.0)
[2025-04-30 11:17:19] Requirement already satisfied: types-python-dateutil>=2.8.10 in /usr/local/lib/python3.10/dist-packages (from arrow>=0.15.0->isoduration->jsonschema[format-nongpl]>=4.18.0->jupyter-events>=0.11.0->jupyter-server<3,>=2.4.0->jupyterlab) (2.9.0.20241206)
[2025-04-30 11:17:19] Requirement already satisfied: executing>=1.2.0 in /usr/local/lib/python3.10/dist-packages (from stack_data->ipython>=7.23.1->ipykernel>=6.5.0->jupyterlab) (2.2.0)
[2025-04-30 11:17:19] Requirement already satisfied: asttokens>=2.1.0 in /usr/local/lib/python3.10/dist-packages (from stack_data->ipython>=7.23.1->ipykernel>=6.5.0->jupyterlab) (3.0.0)
[2025-04-30 11:17:19] Requirement already satisfied: pure-eval in /usr/local/lib/python3.10/dist-packages (from stack_data->ipython>=7.23.1->ipykernel>=6.5.0->jupyterlab) (0.2.3)
[2025-04-30 11:17:19] [2025-04-30 11:17:19] ERROR: WARNING: Running pip as the 'root' user can result in broken permissions and conflicting behaviour with the system package manager, possibly rendering your system unusable. It is recommended to use a virtual environment instead: https://pip.pypa.io/warnings/venv. Use the --root-user-action option if you know what you are doing and want to suppress this warning.
[2025-04-30 11:17:19] Installing numpy...
[2025-04-30 11:17:20] Requirement already satisfied: numpy in /usr/local/lib/python3.10/dist-packages (1.26.4)
[2025-04-30 11:17:20] [2025-04-30 11:17:20] ERROR: WARNING: Running pip as the 'root' user can result in broken permissions and conflicting behaviour with the system package manager, possibly rendering your system unusable. It is recommended to use a virtual environment instead: https://pip.pypa.io/warnings/venv. Use the --root-user-action option if you know what you are doing and want to suppress this warning.
[2025-04-30 11:17:20] Installing tqdm...
[2025-04-30 11:17:21] Requirement already satisfied: tqdm in /usr/local/lib/python3.10/dist-packages (4.67.1)
[2025-04-30 11:17:21] [2025-04-30 11:17:21] ERROR: WARNING: Running pip as the 'root' user can result in broken permissions and conflicting behaviour with the system package manager, possibly rendering your system unusable. It is recommended to use a virtual environment instead: https://pip.pypa.io/warnings/venv. Use the --root-user-action option if you know what you are doing and want to suppress this warning.
[2025-04-30 11:17:21] ✅ Critical Python dependencies installed
[2025-04-30 11:17:21] SECTION Python_Dependencies: COMPLETED at Wed Apr 30 11:17:21 AM KST 2025
[2025-04-30 11:17:21] 
[2025-04-30 11:17:21] ===============================================
[2025-04-30 11:17:21] SECTION: Environment_Setup - Wed Apr 30 11:17:21 AM KST 2025
[2025-04-30 11:17:21] ===============================================
[2025-04-30 11:17:21] ✅ Environment variables set
[2025-04-30 11:17:21] SECTION Environment_Setup: COMPLETED at Wed Apr 30 11:17:21 AM KST 2025
[2025-04-30 11:17:21] 
[2025-04-30 11:17:21] ===============================================
[2025-04-30 11:17:21] SECTION: X11_Authentication - Wed Apr 30 11:17:21 AM KST 2025
[2025-04-30 11:17:21] ===============================================
[2025-04-30 11:17:21] ✅ X11 authentication setup
[2025-04-30 11:17:21] SECTION X11_Authentication: COMPLETED at Wed Apr 30 11:17:21 AM KST 2025
[2025-04-30 11:17:21] 
[2025-04-30 11:17:21] ===============================================
[2025-04-30 11:17:21] SECTION: Directory_Setup - Wed Apr 30 11:17:21 AM KST 2025
[2025-04-30 11:17:21] ===============================================
[2025-04-30 11:17:21] ✅ Directories created
[2025-04-30 11:17:21] SECTION Directory_Setup: COMPLETED at Wed Apr 30 11:17:21 AM KST 2025
[2025-04-30 11:17:21] 
[2025-04-30 11:17:21] ===============================================
[2025-04-30 11:17:21] SECTION: Repository_Verification - Wed Apr 30 11:17:21 AM KST 2025
[2025-04-30 11:17:21] ===============================================
[2025-04-30 11:17:21] Contents of /VisoMaster:
[2025-04-30 11:17:21] total 76
[2025-04-30 11:17:21] drwxr-xr-x 11 root root  4096 Apr 30 11:12 .
[2025-04-30 11:17:21] drwxr-xr-x  1 root root   156 Apr 30 11:12 ..
[2025-04-30 11:17:21] drwxr-xr-x  6 root root    67 Apr 30 11:12 app
[2025-04-30 11:17:21] -rw-r--r--  1 root root   241 Apr 30 11:12 download_models.py
[2025-04-30 11:17:21] drwxr-xr-x  8 root root   163 Apr 30 11:12 .git
[2025-04-30 11:17:21] drwxr-xr-x  2 root root     6 Apr 30 11:12 Images
[2025-04-30 11:17:21] -rw-r--r--  1 root root 35149 Apr 30 11:12 LICENSE
[2025-04-30 11:17:21] -rw-r--r--  1 root root   514 Apr 30 11:12 main.py
[2025-04-30 11:17:21] drwxr-xr-x  3 root root   123 Apr 30 11:12 model_assets
[2025-04-30 11:17:21] drwxr-xr-x  2 root root     6 Apr 30 11:12 models
[2025-04-30 11:17:21] drwxr-xr-x  2 root root     6 Apr 30 11:12 Output
[2025-04-30 11:17:21] -rw-r--r--  1 root root  7702 Apr 30 11:12 README.md
[2025-04-30 11:17:21] -rw-r--r--  1 root root   116 Apr 30 11:12 requirements_cu124.txt
[2025-04-30 11:17:21] -rw-r--r--  1 root root   428 Apr 30 11:12 requirements.txt
[2025-04-30 11:17:21] drwxr-xr-x  2 root root    72 Apr 30 11:12 scripts
[2025-04-30 11:17:21] -rw-r--r--  1 root root   231 Apr 30 11:12 Start.bat
[2025-04-30 11:17:21] -rw-r--r--  1 root root    59 Apr 30 11:12 Start_Portable.bat
[2025-04-30 11:17:21] drwxr-xr-x  2 root root    44 Apr 30 11:12 tools
[2025-04-30 11:17:21] -rw-r--r--  1 root root   318 Apr 30 11:12 Update_Portable.bat
[2025-04-30 11:17:21] drwxr-xr-x  2 root root     6 Apr 30 11:12 Videos
[2025-04-30 11:17:21] ✅ main.py is present
[2025-04-30 11:17:21] SECTION Repository_Verification: COMPLETED at Wed Apr 30 11:17:21 AM KST 2025
[2025-04-30 11:17:21] 
[2025-04-30 11:17:21] ===============================================
[2025-04-30 11:17:21] SECTION: Provisioning_Summary - Wed Apr 30 11:17:21 AM KST 2025
[2025-04-30 11:17:21] ===============================================
[2025-04-30 11:17:21] -------- Provisioning Status Summary --------
[2025-04-30 11:17:21] Completed at: Wed Apr 30 11:17:21 AM KST 2025
[2025-04-30 11:17:21] 
[2025-04-30 11:17:21] ⚠️ Provisioning completed with 2 errors:
[2025-04-30 11:17:21] - model_download: Failed to download models
[2025-04-30 11:17:21] - requirements_installation: Failed to install requirements
[2025-04-30 11:17:21] 
[2025-04-30 11:17:21] Log file available at: /logs/provisioning_script.log
[2025-04-30 11:17:21] Error log available at: /logs/provisioning_errors.log
[2025-04-30 11:17:21] ------------------------------------------
[2025-04-30 11:17:21] SECTION Provisioning_Summary: COMPLETED at Wed Apr 30 11:17:21 AM KST 2025
[2025-04-30 11:17:21] 
[2025-04-30 11:17:21] ===============================================
[2025-04-30 11:17:21] SECTION: Provisioning_Complete - Wed Apr 30 11:17:21 AM KST 2025
[2025-04-30 11:17:21] ===============================================
[2025-04-30 11:17:21] VisoMaster environment has been provisioned.
[2025-04-30 11:17:21] Completed at: Wed Apr 30 11:17:21 AM KST 2025
[2025-04-30 11:17:21] Log file available at: /logs/provisioning_script.log
[2025-04-30 11:17:21] Error log available at: /logs/provisioning_errors.log
[2025-04-30 11:17:21] Summary available at: /logs/provisioning_summary.txt
[2025-04-30 11:17:21] ===============================================
[2025-04-30 11:17:21] SECTION Provisioning_Complete: COMPLETED at Wed Apr 30 11:17:21 AM KST 2025
[2025-04-30 11:17:21] 
[2025-04-30 11:17:21] ===============================================
[2025-04-30 11:17:21] SECTION: Services_Management - Wed Apr 30 11:17:21 AM KST 2025
[2025-04-30 11:17:21] ===============================================
[2025-04-30 11:17:21] [2025-04-30 11:17:21] ======= Starting VisoMaster services =======
[2025-04-30 11:17:21] [2025-04-30 11:17:21] Setting up environment for services...
[2025-04-30 11:17:21] [2025-04-30 11:17:21] Environment setup complete
[2025-04-30 11:17:21] [2025-04-30 11:17:21] Starting essential services...
[2025-04-30 11:17:21] [2025-04-30 11:17:21] Starting VNC server...
[2025-04-30 11:17:21] [2025-04-30 11:17:21] Starting VNC using the pre-configured startup script
[2025-04-30 11:17:26] [2025-04-30 11:17:26] VNC server started successfully with PID 2123
[2025-04-30 11:17:26] [2025-04-30 11:17:26] Starting Jupyter...
[2025-04-30 11:17:29] [2025-04-30 11:17:29] ERROR: ERROR in Jupyter: Jupyter failed to start
[2025-04-30 11:17:29] Continuing execution despite the error in Jupyter...
[2025-04-30 11:17:29] [2025-04-30 11:17:29] Starting VisoMaster...
[2025-04-30 11:17:29] total 76
[2025-04-30 11:17:29] drwxr-xr-x 11 root root  4096 Apr 30 11:12 .
[2025-04-30 11:17:29] drwxr-xr-x  1 root root   156 Apr 30 11:12 ..
[2025-04-30 11:17:29] drwxr-xr-x  6 root root    67 Apr 30 11:12 app
[2025-04-30 11:17:29] -rw-r--r--  1 root root   241 Apr 30 11:12 download_models.py
[2025-04-30 11:17:29] drwxr-xr-x  8 root root   163 Apr 30 11:12 .git
[2025-04-30 11:17:29] drwxr-xr-x  2 root root     6 Apr 30 11:12 Images
[2025-04-30 11:17:29] -rw-r--r--  1 root root 35149 Apr 30 11:12 LICENSE
[2025-04-30 11:17:29] -rw-r--r--  1 root root   514 Apr 30 11:12 main.py
[2025-04-30 11:17:29] drwxr-xr-x  3 root root   123 Apr 30 11:12 model_assets
[2025-04-30 11:17:29] drwxr-xr-x  2 root root     6 Apr 30 11:12 models
[2025-04-30 11:17:29] drwxr-xr-x  2 root root     6 Apr 30 11:12 Output
[2025-04-30 11:17:29] -rw-r--r--  1 root root  7702 Apr 30 11:12 README.md
[2025-04-30 11:17:29] -rw-r--r--  1 root root   116 Apr 30 11:12 requirements_cu124.txt
[2025-04-30 11:17:29] -rw-r--r--  1 root root   428 Apr 30 11:12 requirements.txt
[2025-04-30 11:17:29] drwxr-xr-x  2 root root    72 Apr 30 11:12 scripts
[2025-04-30 11:17:29] -rw-r--r--  1 root root   231 Apr 30 11:12 Start.bat
[2025-04-30 11:17:29] -rw-r--r--  1 root root    59 Apr 30 11:12 Start_Portable.bat
[2025-04-30 11:17:29] drwxr-xr-x  2 root root    44 Apr 30 11:12 tools
[2025-04-30 11:17:29] -rw-r--r--  1 root root   318 Apr 30 11:12 Update_Portable.bat
[2025-04-30 11:17:29] drwxr-xr-x  2 root root     6 Apr 30 11:12 Videos
[2025-04-30 11:17:32] [2025-04-30 11:17:32] ERROR: ERROR in VisoMaster: VisoMaster application failed to start
[2025-04-30 11:17:32] Continuing execution despite the error in VisoMaster...
[2025-04-30 11:17:32] 
[2025-04-30 11:17:32] ===============================================
[2025-04-30 11:17:32] SECTION: Services_Status - Wed Apr 30 11:17:32 AM KST 2025
[2025-04-30 11:17:32] ===============================================
[2025-04-30 11:17:32] -------- Services Status Summary --------
[2025-04-30 11:17:32] Generated at: Wed Apr 30 11:17:32 AM KST 2025
[2025-04-30 11:17:32] 
[2025-04-30 11:17:32] ❌ Jupyter: FAILED - Jupyter failed to start
[2025-04-30 11:17:32] ✅ VNC: RUNNING - Started at  Wed Apr 30 11:17:26 AM KST 2025 with PID 2123
[2025-04-30 11:17:32] ❌ VisoMaster: FAILED - VisoMaster application failed to start
[2025-04-30 11:17:32] 
[2025-04-30 11:17:32] Logs available in: /logs/
[2025-04-30 11:17:32] ----------------------------------------
[2025-04-30 11:17:32] SECTION Services_Status: COMPLETED at Wed Apr 30 11:17:32 AM KST 2025
[2025-04-30 11:17:32] [2025-04-30 11:17:32] Starting service monitoring...
[2025-04-30 11:17:32] [2025-04-30 11:17:32] WARNING: Jupyter Lab not running, restarting...
[2025-04-30 11:17:32] [2025-04-30 11:17:32] Starting Jupyter...
[2025-04-30 11:17:35] [2025-04-30 11:17:35] ERROR: ERROR in Jupyter: Jupyter failed to start
[2025-04-30 11:17:35] Continuing execution despite the error in Jupyter...
[2025-04-30 11:17:35] [2025-04-30 11:17:35] WARNING: VNC server not running, restarting...
[2025-04-30 11:17:35] [2025-04-30 11:17:35] Starting VNC server...
[2025-04-30 11:17:35] [2025-04-30 11:17:35] Starting VNC using the pre-configured startup script
[2025-04-30 11:17:40] [2025-04-30 11:17:40] VNC server started successfully with PID 2590
[2025-04-30 11:17:40] [2025-04-30 11:17:40] WARNING: VisoMaster not running, restarting...
[2025-04-30 11:17:40] [2025-04-30 11:17:40] Starting VisoMaster...
[2025-04-30 11:17:40] total 76
[2025-04-30 11:17:40] drwxr-xr-x 11 root root  4096 Apr 30 11:12 .
[2025-04-30 11:17:40] drwxr-xr-x  1 root root   156 Apr 30 11:12 ..
[2025-04-30 11:17:40] drwxr-xr-x  6 root root    67 Apr 30 11:12 app
[2025-04-30 11:17:40] -rw-r--r--  1 root root   241 Apr 30 11:12 download_models.py
[2025-04-30 11:17:40] drwxr-xr-x  8 root root   163 Apr 30 11:12 .git
[2025-04-30 11:17:40] drwxr-xr-x  2 root root     6 Apr 30 11:12 Images
[2025-04-30 11:17:40] -rw-r--r--  1 root root 35149 Apr 30 11:12 LICENSE
[2025-04-30 11:17:40] -rw-r--r--  1 root root   514 Apr 30 11:12 main.py
[2025-04-30 11:17:40] drwxr-xr-x  3 root root   123 Apr 30 11:12 model_assets
[2025-04-30 11:17:40] drwxr-xr-x  2 root root     6 Apr 30 11:12 models
[2025-04-30 11:17:40] drwxr-xr-x  2 root root     6 Apr 30 11:12 Output
[2025-04-30 11:17:40] -rw-r--r--  1 root root  7702 Apr 30 11:12 README.md
[2025-04-30 11:17:40] -rw-r--r--  1 root root   116 Apr 30 11:12 requirements_cu124.txt
[2025-04-30 11:17:40] -rw-r--r--  1 root root   428 Apr 30 11:12 requirements.txt
[2025-04-30 11:17:40] drwxr-xr-x  2 root root    72 Apr 30 11:12 scripts
[2025-04-30 11:17:40] -rw-r--r--  1 root root   231 Apr 30 11:12 Start.bat
[2025-04-30 11:17:40] -rw-r--r--  1 root root    59 Apr 30 11:12 Start_Portable.bat
[2025-04-30 11:17:40] drwxr-xr-x  2 root root    44 Apr 30 11:12 tools
[2025-04-30 11:17:40] -rw-r--r--  1 root root   318 Apr 30 11:12 Update_Portable.bat
[2025-04-30 11:17:40] drwxr-xr-x  2 root root     6 Apr 30 11:12 Videos
[2025-04-30 11:17:43] [2025-04-30 11:17:43] ERROR: ERROR in VisoMaster: VisoMaster application failed to start
[2025-04-30 11:17:43] Continuing execution despite the error in VisoMaster...
[2025-04-30 11:18:13] [2025-04-30 11:18:13] WARNING: Jupyter Lab not running, restarting...
[2025-04-30 11:18:13] [2025-04-30 11:18:13] Starting Jupyter...
[2025-04-30 11:18:16] [2025-04-30 11:18:16] ERROR: ERROR in Jupyter: Jupyter failed to start
[2025-04-30 11:18:16] Continuing execution despite the error in Jupyter...
[2025-04-30 11:18:16] [2025-04-30 11:18:16] WARNING: VNC server not running, restarting...
[2025-04-30 11:18:16] [2025-04-30 11:18:16] Starting VNC server...
[2025-04-30 11:18:17] [2025-04-30 11:18:17] Starting VNC using the pre-configured startup script
[2025-04-30 11:18:22] [2025-04-30 11:18:22] VNC server started successfully with PID 3270
[2025-04-30 11:18:22] [2025-04-30 11:18:22] WARNING: VisoMaster not running, restarting...
[2025-04-30 11:18:22] [2025-04-30 11:18:22] Starting VisoMaster...
[2025-04-30 11:18:22] total 76
[2025-04-30 11:18:22] drwxr-xr-x 11 root root  4096 Apr 30 11:12 .
[2025-04-30 11:18:22] drwxr-xr-x  1 root root   156 Apr 30 11:12 ..
[2025-04-30 11:18:22] drwxr-xr-x  6 root root    67 Apr 30 11:12 app
[2025-04-30 11:18:22] -rw-r--r--  1 root root   241 Apr 30 11:12 download_models.py
[2025-04-30 11:18:22] drwxr-xr-x  8 root root   163 Apr 30 11:12 .git
[2025-04-30 11:18:22] drwxr-xr-x  2 root root     6 Apr 30 11:12 Images
[2025-04-30 11:18:22] -rw-r--r--  1 root root 35149 Apr 30 11:12 LICENSE
[2025-04-30 11:18:22] -rw-r--r--  1 root root   514 Apr 30 11:12 main.py
[2025-04-30 11:18:22] drwxr-xr-x  3 root root   123 Apr 30 11:12 model_assets
[2025-04-30 11:18:22] drwxr-xr-x  2 root root     6 Apr 30 11:12 models
[2025-04-30 11:18:22] drwxr-xr-x  2 root root     6 Apr 30 11:12 Output
[2025-04-30 11:18:22] -rw-r--r--  1 root root  7702 Apr 30 11:12 README.md
[2025-04-30 11:18:22] -rw-r--r--  1 root root   116 Apr 30 11:12 requirements_cu124.txt
[2025-04-30 11:18:22] -rw-r--r--  1 root root   428 Apr 30 11:12 requirements.txt
[2025-04-30 11:18:22] drwxr-xr-x  2 root root    72 Apr 30 11:12 scripts
[2025-04-30 11:18:22] -rw-r--r--  1 root root   231 Apr 30 11:12 Start.bat
[2025-04-30 11:18:22] -rw-r--r--  1 root root    59 Apr 30 11:12 Start_Portable.bat
[2025-04-30 11:18:22] drwxr-xr-x  2 root root    44 Apr 30 11:12 tools
[2025-04-30 11:18:22] -rw-r--r--  1 root root   318 Apr 30 11:12 Update_Portable.bat
[2025-04-30 11:18:22] drwxr-xr-x  2 root root     6 Apr 30 11:12 Videos
[2025-04-30 11:18:25] [2025-04-30 11:18:25] ERROR: ERROR in VisoMaster: VisoMaster application failed to start
[2025-04-30 11:18:25] Continuing execution despite the error in VisoMaster...
[2025-04-30 11:18:55] [2025-04-30 11:18:55] WARNING: Jupyter Lab not running, restarting...
[2025-04-30 11:18:55] [2025-04-30 11:18:55] Starting Jupyter...
[2025-04-30 11:18:58] [2025-04-30 11:18:58] ERROR: ERROR in Jupyter: Jupyter failed to start
[2025-04-30 11:18:58] Continuing execution despite the error in Jupyter...
[2025-04-30 11:18:58] [2025-04-30 11:18:58] WARNING: VNC server not running, restarting...
[2025-04-30 11:18:58] [2025-04-30 11:18:58] Starting VNC server...
[2025-04-30 11:18:58] [2025-04-30 11:18:58] Starting VNC using the pre-configured startup script
[2025-04-30 11:19:03] [2025-04-30 11:19:03] VNC server started successfully with PID 3895
[2025-04-30 11:19:03] [2025-04-30 11:19:03] WARNING: VisoMaster not running, restarting...
[2025-04-30 11:19:03] [2025-04-30 11:19:03] Starting VisoMaster...
[2025-04-30 11:19:03] total 76
[2025-04-30 11:19:03] drwxr-xr-x 11 root root  4096 Apr 30 11:12 .
[2025-04-30 11:19:03] drwxr-xr-x  1 root root   156 Apr 30 11:12 ..
[2025-04-30 11:19:03] drwxr-xr-x  6 root root    67 Apr 30 11:12 app
[2025-04-30 11:19:03] -rw-r--r--  1 root root   241 Apr 30 11:12 download_models.py
[2025-04-30 11:19:03] drwxr-xr-x  8 root root   163 Apr 30 11:12 .git
[2025-04-30 11:19:03] drwxr-xr-x  2 root root     6 Apr 30 11:12 Images
[2025-04-30 11:19:03] -rw-r--r--  1 root root 35149 Apr 30 11:12 LICENSE
[2025-04-30 11:19:03] -rw-r--r--  1 root root   514 Apr 30 11:12 main.py
[2025-04-30 11:19:03] drwxr-xr-x  3 root root   123 Apr 30 11:12 model_assets
[2025-04-30 11:19:03] drwxr-xr-x  2 root root     6 Apr 30 11:12 models
[2025-04-30 11:19:03] drwxr-xr-x  2 root root     6 Apr 30 11:12 Output
[2025-04-30 11:19:03] -rw-r--r--  1 root root  7702 Apr 30 11:12 README.md
[2025-04-30 11:19:03] -rw-r--r--  1 root root   116 Apr 30 11:12 requirements_cu124.txt
[2025-04-30 11:19:03] -rw-r--r--  1 root root   428 Apr 30 11:12 requirements.txt
[2025-04-30 11:19:03] drwxr-xr-x  2 root root    72 Apr 30 11:12 scripts
[2025-04-30 11:19:03] -rw-r--r--  1 root root   231 Apr 30 11:12 Start.bat
[2025-04-30 11:19:03] -rw-r--r--  1 root root    59 Apr 30 11:12 Start_Portable.bat
[2025-04-30 11:19:03] drwxr-xr-x  2 root root    44 Apr 30 11:12 tools
[2025-04-30 11:19:03] -rw-r--r--  1 root root   318 Apr 30 11:12 Update_Portable.bat
[2025-04-30 11:19:03] drwxr-xr-x  2 root root     6 Apr 30 11:12 Videos
[2025-04-30 11:19:06] [2025-04-30 11:19:06] ERROR: ERROR in VisoMaster: VisoMaster application failed to start
[2025-04-30 11:19:06] Continuing execution despite the error in VisoMaster...
[2025-04-30 11:19:36] [2025-04-30 11:19:36] WARNING: Jupyter Lab not running, restarting...
[2025-04-30 11:19:36] [2025-04-30 11:19:36] Starting Jupyter...
[2025-04-30 11:19:39] [2025-04-30 11:19:39] ERROR: ERROR in Jupyter: Jupyter failed to start
[2025-04-30 11:19:39] Continuing execution despite the error in Jupyter...
[2025-04-30 11:19:39] [2025-04-30 11:19:39] WARNING: VNC server not running, restarting...
[2025-04-30 11:19:39] [2025-04-30 11:19:39] Starting VNC server...
[2025-04-30 11:19:39] [2025-04-30 11:19:39] Starting VNC using the pre-configured startup script
[2025-04-30 11:19:44] [2025-04-30 11:19:44] VNC server started successfully with PID 4521
[2025-04-30 11:19:44] [2025-04-30 11:19:44] WARNING: VisoMaster not running, restarting...
[2025-04-30 11:19:44] [2025-04-30 11:19:44] Starting VisoMaster...
[2025-04-30 11:19:44] total 76
[2025-04-30 11:19:44] drwxr-xr-x 11 root root  4096 Apr 30 11:12 .
[2025-04-30 11:19:44] drwxr-xr-x  1 root root   156 Apr 30 11:12 ..
[2025-04-30 11:19:44] drwxr-xr-x  6 root root    67 Apr 30 11:12 app
[2025-04-30 11:19:44] -rw-r--r--  1 root root   241 Apr 30 11:12 download_models.py
[2025-04-30 11:19:44] drwxr-xr-x  8 root root   163 Apr 30 11:12 .git
[2025-04-30 11:19:44] drwxr-xr-x  2 root root     6 Apr 30 11:12 Images
[2025-04-30 11:19:44] -rw-r--r--  1 root root 35149 Apr 30 11:12 LICENSE
[2025-04-30 11:19:44] -rw-r--r--  1 root root   514 Apr 30 11:12 main.py
[2025-04-30 11:19:44] drwxr-xr-x  3 root root   123 Apr 30 11:12 model_assets
[2025-04-30 11:19:44] drwxr-xr-x  2 root root     6 Apr 30 11:12 models
[2025-04-30 11:19:44] drwxr-xr-x  2 root root     6 Apr 30 11:12 Output
[2025-04-30 11:19:44] -rw-r--r--  1 root root  7702 Apr 30 11:12 README.md
[2025-04-30 11:19:44] -rw-r--r--  1 root root   116 Apr 30 11:12 requirements_cu124.txt
[2025-04-30 11:19:44] -rw-r--r--  1 root root   428 Apr 30 11:12 requirements.txt
[2025-04-30 11:19:44] drwxr-xr-x  2 root root    72 Apr 30 11:12 scripts
[2025-04-30 11:19:44] -rw-r--r--  1 root root   231 Apr 30 11:12 Start.bat
[2025-04-30 11:19:44] -rw-r--r--  1 root root    59 Apr 30 11:12 Start_Portable.bat
[2025-04-30 11:19:44] drwxr-xr-x  2 root root    44 Apr 30 11:12 tools
[2025-04-30 11:19:44] -rw-r--r--  1 root root   318 Apr 30 11:12 Update_Portable.bat
[2025-04-30 11:19:44] drwxr-xr-x  2 root root     6 Apr 30 11:12 Videos
[2025-04-30 11:19:47] [2025-04-30 11:19:47] ERROR: ERROR in VisoMaster: VisoMaster application failed to start
[2025-04-30 11:19:47] Continuing execution despite the error in VisoMaster...
[2025-04-30 11:20:17] [2025-04-30 11:20:17] WARNING: Jupyter Lab not running, restarting...
[2025-04-30 11:20:17] [2025-04-30 11:20:17] Starting Jupyter...
[2025-04-30 11:20:20] [2025-04-30 11:20:20] ERROR: ERROR in Jupyter: Jupyter failed to start
[2025-04-30 11:20:20] Continuing execution despite the error in Jupyter...
[2025-04-30 11:20:20] [2025-04-30 11:20:20] WARNING: VNC server not running, restarting...
[2025-04-30 11:20:20] [2025-04-30 11:20:20] Starting VNC server...
[2025-04-30 11:20:20] [2025-04-30 11:20:20] Starting VNC using the pre-configured startup script
[2025-04-30 11:20:25] [2025-04-30 11:20:25] VNC server started successfully with PID 5145
[2025-04-30 11:20:25] [2025-04-30 11:20:25] WARNING: VisoMaster not running, restarting...
[2025-04-30 11:20:25] [2025-04-30 11:20:25] Starting VisoMaster...
[2025-04-30 11:20:25] total 76
[2025-04-30 11:20:25] drwxr-xr-x 11 root root  4096 Apr 30 11:12 .
[2025-04-30 11:20:25] drwxr-xr-x  1 root root   156 Apr 30 11:12 ..
[2025-04-30 11:20:25] drwxr-xr-x  6 root root    67 Apr 30 11:12 app
[2025-04-30 11:20:25] -rw-r--r--  1 root root   241 Apr 30 11:12 download_models.py
[2025-04-30 11:20:25] drwxr-xr-x  8 root root   163 Apr 30 11:12 .git
[2025-04-30 11:20:25] drwxr-xr-x  2 root root     6 Apr 30 11:12 Images
[2025-04-30 11:20:25] -rw-r--r--  1 root root 35149 Apr 30 11:12 LICENSE
[2025-04-30 11:20:25] -rw-r--r--  1 root root   514 Apr 30 11:12 main.py
[2025-04-30 11:20:25] drwxr-xr-x  3 root root   123 Apr 30 11:12 model_assets
[2025-04-30 11:20:25] drwxr-xr-x  2 root root     6 Apr 30 11:12 models
[2025-04-30 11:20:25] drwxr-xr-x  2 root root     6 Apr 30 11:12 Output
[2025-04-30 11:20:25] -rw-r--r--  1 root root  7702 Apr 30 11:12 README.md
[2025-04-30 11:20:25] -rw-r--r--  1 root root   116 Apr 30 11:12 requirements_cu124.txt
[2025-04-30 11:20:25] -rw-r--r--  1 root root   428 Apr 30 11:12 requirements.txt
[2025-04-30 11:20:25] drwxr-xr-x  2 root root    72 Apr 30 11:12 scripts
[2025-04-30 11:20:25] -rw-r--r--  1 root root   231 Apr 30 11:12 Start.bat
[2025-04-30 11:20:25] -rw-r--r--  1 root root    59 Apr 30 11:12 Start_Portable.bat
[2025-04-30 11:20:25] drwxr-xr-x  2 root root    44 Apr 30 11:12 tools
[2025-04-30 11:20:25] -rw-r--r--  1 root root   318 Apr 30 11:12 Update_Portable.bat
[2025-04-30 11:20:25] drwxr-xr-x  2 root root     6 Apr 30 11:12 Videos
[2025-04-30 11:20:28] [2025-04-30 11:20:28] ERROR: ERROR in VisoMaster: VisoMaster application failed to start
[2025-04-30 11:20:28] Continuing execution despite the error in VisoMaster...
[2025-04-30 11:20:58] [2025-04-30 11:20:58] WARNING: Jupyter Lab not running, restarting...
[2025-04-30 11:20:58] [2025-04-30 11:20:58] Starting Jupyter...
[2025-04-30 11:21:01] [2025-04-30 11:21:01] ERROR: ERROR in Jupyter: Jupyter failed to start
[2025-04-30 11:21:01] Continuing execution despite the error in Jupyter...
[2025-04-30 11:21:01] [2025-04-30 11:21:01] WARNING: VNC server not running, restarting...
[2025-04-30 11:21:01] [2025-04-30 11:21:01] Starting VNC server...
[2025-04-30 11:21:01] [2025-04-30 11:21:01] Starting VNC using the pre-configured startup script
[2025-04-30 11:21:06] [2025-04-30 11:21:06] VNC server started successfully with PID 5777
[2025-04-30 11:21:06] [2025-04-30 11:21:06] WARNING: VisoMaster not running, restarting...
[2025-04-30 11:21:06] [2025-04-30 11:21:06] Starting VisoMaster...
[2025-04-30 11:21:06] total 76
[2025-04-30 11:21:06] drwxr-xr-x 11 root root  4096 Apr 30 11:12 .
[2025-04-30 11:21:06] drwxr-xr-x  1 root root   156 Apr 30 11:12 ..
[2025-04-30 11:21:06] drwxr-xr-x  6 root root    67 Apr 30 11:12 app
[2025-04-30 11:21:06] -rw-r--r--  1 root root   241 Apr 30 11:12 download_models.py
[2025-04-30 11:21:06] drwxr-xr-x  8 root root   163 Apr 30 11:12 .git
[2025-04-30 11:21:06] drwxr-xr-x  2 root root     6 Apr 30 11:12 Images
[2025-04-30 11:21:06] -rw-r--r--  1 root root 35149 Apr 30 11:12 LICENSE
[2025-04-30 11:21:06] -rw-r--r--  1 root root   514 Apr 30 11:12 main.py
[2025-04-30 11:21:06] drwxr-xr-x  3 root root   123 Apr 30 11:12 model_assets
[2025-04-30 11:21:06] drwxr-xr-x  2 root root     6 Apr 30 11:12 models
[2025-04-30 11:21:06] drwxr-xr-x  2 root root     6 Apr 30 11:12 Output
[2025-04-30 11:21:06] -rw-r--r--  1 root root  7702 Apr 30 11:12 README.md
[2025-04-30 11:21:06] -rw-r--r--  1 root root   116 Apr 30 11:12 requirements_cu124.txt
[2025-04-30 11:21:06] -rw-r--r--  1 root root   428 Apr 30 11:12 requirements.txt
[2025-04-30 11:21:06] drwxr-xr-x  2 root root    72 Apr 30 11:12 scripts
[2025-04-30 11:21:06] -rw-r--r--  1 root root   231 Apr 30 11:12 Start.bat
[2025-04-30 11:21:06] -rw-r--r--  1 root root    59 Apr 30 11:12 Start_Portable.bat
[2025-04-30 11:21:06] drwxr-xr-x  2 root root    44 Apr 30 11:12 tools
[2025-04-30 11:21:06] -rw-r--r--  1 root root   318 Apr 30 11:12 Update_Portable.bat
[2025-04-30 11:21:06] drwxr-xr-x  2 root root     6 Apr 30 11:12 Videos
[2025-04-30 11:21:09] [2025-04-30 11:21:09] ERROR: ERROR in VisoMaster: VisoMaster application failed to start
[2025-04-30 11:21:09] Continuing execution despite the error in VisoMaster...
[2025-04-30 11:21:39] [2025-04-30 11:21:39] WARNING: Jupyter Lab not running, restarting...
[2025-04-30 11:21:39] [2025-04-30 11:21:39] Starting Jupyter...
[2025-04-30 11:21:42] [2025-04-30 11:21:42] ERROR: ERROR in Jupyter: Jupyter failed to start
[2025-04-30 11:21:42] Continuing execution despite the error in Jupyter...
[2025-04-30 11:21:42] [2025-04-30 11:21:42] WARNING: VNC server not running, restarting...
[2025-04-30 11:21:42] [2025-04-30 11:21:42] Starting VNC server...
[2025-04-30 11:21:43] [2025-04-30 11:21:43] Starting VNC using the pre-configured startup script
[2025-04-30 11:21:48] [2025-04-30 11:21:48] VNC server started successfully with PID 6405
[2025-04-30 11:21:48] [2025-04-30 11:21:48] WARNING: VisoMaster not running, restarting...
[2025-04-30 11:21:48] [2025-04-30 11:21:48] Starting VisoMaster...
[2025-04-30 11:21:48] total 76
[2025-04-30 11:21:48] drwxr-xr-x 11 root root  4096 Apr 30 11:12 .
[2025-04-30 11:21:48] drwxr-xr-x  1 root root   156 Apr 30 11:12 ..
[2025-04-30 11:21:48] drwxr-xr-x  6 root root    67 Apr 30 11:12 app
[2025-04-30 11:21:48] -rw-r--r--  1 root root   241 Apr 30 11:12 download_models.py
[2025-04-30 11:21:48] drwxr-xr-x  8 root root   163 Apr 30 11:12 .git
[2025-04-30 11:21:48] drwxr-xr-x  2 root root     6 Apr 30 11:12 Images
[2025-04-30 11:21:48] -rw-r--r--  1 root root 35149 Apr 30 11:12 LICENSE
[2025-04-30 11:21:48] -rw-r--r--  1 root root   514 Apr 30 11:12 main.py
[2025-04-30 11:21:48] drwxr-xr-x  3 root root   123 Apr 30 11:12 model_assets
[2025-04-30 11:21:48] drwxr-xr-x  2 root root     6 Apr 30 11:12 models
[2025-04-30 11:21:48] drwxr-xr-x  2 root root     6 Apr 30 11:12 Output
[2025-04-30 11:21:48] -rw-r--r--  1 root root  7702 Apr 30 11:12 README.md
[2025-04-30 11:21:48] -rw-r--r--  1 root root   116 Apr 30 11:12 requirements_cu124.txt
[2025-04-30 11:21:48] -rw-r--r--  1 root root   428 Apr 30 11:12 requirements.txt
[2025-04-30 11:21:48] drwxr-xr-x  2 root root    72 Apr 30 11:12 scripts
[2025-04-30 11:21:48] -rw-r--r--  1 root root   231 Apr 30 11:12 Start.bat
[2025-04-30 11:21:48] -rw-r--r--  1 root root    59 Apr 30 11:12 Start_Portable.bat
[2025-04-30 11:21:48] drwxr-xr-x  2 root root    44 Apr 30 11:12 tools
[2025-04-30 11:21:48] -rw-r--r--  1 root root   318 Apr 30 11:12 Update_Portable.bat
[2025-04-30 11:21:48] drwxr-xr-x  2 root root     6 Apr 30 11:12 Videos
[2025-04-30 11:21:51] [2025-04-30 11:21:51] ERROR: ERROR in VisoMaster: VisoMaster application failed to start
[2025-04-30 11:21:51] Continuing execution despite the error in VisoMaster...
[2025-04-30 11:22:21] [2025-04-30 11:22:21] WARNING: Jupyter Lab not running, restarting...
[2025-04-30 11:22:21] [2025-04-30 11:22:21] Starting Jupyter...
[2025-04-30 11:22:24] [2025-04-30 11:22:24] ERROR: ERROR in Jupyter: Jupyter failed to start
[2025-04-30 11:22:24] Continuing execution despite the error in Jupyter...
[2025-04-30 11:22:24] [2025-04-30 11:22:24] WARNING: VNC server not running, restarting...
[2025-04-30 11:22:24] [2025-04-30 11:22:24] Starting VNC server...
[2025-04-30 11:22:24] [2025-04-30 11:22:24] Starting VNC using the pre-configured startup script
[2025-04-30 11:22:29] [2025-04-30 11:22:29] VNC server started successfully with PID 7036
[2025-04-30 11:22:29] [2025-04-30 11:22:29] WARNING: VisoMaster not running, restarting...
[2025-04-30 11:22:29] [2025-04-30 11:22:29] Starting VisoMaster...
[2025-04-30 11:22:29] total 76
[2025-04-30 11:22:29] drwxr-xr-x 11 root root  4096 Apr 30 11:12 .
[2025-04-30 11:22:29] drwxr-xr-x  1 root root   156 Apr 30 11:12 ..
[2025-04-30 11:22:29] drwxr-xr-x  6 root root    67 Apr 30 11:12 app
[2025-04-30 11:22:29] -rw-r--r--  1 root root   241 Apr 30 11:12 download_models.py
[2025-04-30 11:22:29] drwxr-xr-x  8 root root   163 Apr 30 11:12 .git
[2025-04-30 11:22:29] drwxr-xr-x  2 root root     6 Apr 30 11:12 Images
[2025-04-30 11:22:29] -rw-r--r--  1 root root 35149 Apr 30 11:12 LICENSE
[2025-04-30 11:22:29] -rw-r--r--  1 root root   514 Apr 30 11:12 main.py
[2025-04-30 11:22:29] drwxr-xr-x  3 root root   123 Apr 30 11:12 model_assets
[2025-04-30 11:22:29] drwxr-xr-x  2 root root     6 Apr 30 11:12 models
[2025-04-30 11:22:29] drwxr-xr-x  2 root root     6 Apr 30 11:12 Output
[2025-04-30 11:22:29] -rw-r--r--  1 root root  7702 Apr 30 11:12 README.md
[2025-04-30 11:22:29] -rw-r--r--  1 root root   116 Apr 30 11:12 requirements_cu124.txt
[2025-04-30 11:22:29] -rw-r--r--  1 root root   428 Apr 30 11:12 requirements.txt
[2025-04-30 11:22:29] drwxr-xr-x  2 root root    72 Apr 30 11:12 scripts
[2025-04-30 11:22:29] -rw-r--r--  1 root root   231 Apr 30 11:12 Start.bat
[2025-04-30 11:22:29] -rw-r--r--  1 root root    59 Apr 30 11:12 Start_Portable.bat
[2025-04-30 11:22:29] drwxr-xr-x  2 root root    44 Apr 30 11:12 tools
[2025-04-30 11:22:29] -rw-r--r--  1 root root   318 Apr 30 11:12 Update_Portable.bat
[2025-04-30 11:22:29] drwxr-xr-x  2 root root     6 Apr 30 11:12 Videos
[2025-04-30 11:22:32] [2025-04-30 11:22:32] ERROR: ERROR in VisoMaster: VisoMaster application failed to start
[2025-04-30 11:22:32] Continuing execution despite the error in VisoMaster...
[2025-04-30 11:23:02] [2025-04-30 11:23:02] WARNING: Jupyter Lab not running, restarting...
[2025-04-30 11:23:02] [2025-04-30 11:23:02] Starting Jupyter...
[2025-04-30 11:23:05] [2025-04-30 11:23:05] ERROR: ERROR in Jupyter: Jupyter failed to start
[2025-04-30 11:23:05] Continuing execution despite the error in Jupyter...
[2025-04-30 11:23:05] [2025-04-30 11:23:05] WARNING: VNC server not running, restarting...
[2025-04-30 11:23:05] [2025-04-30 11:23:05] Starting VNC server...
[2025-04-30 11:23:05] [2025-04-30 11:23:05] Starting VNC using the pre-configured startup script
[2025-04-30 11:23:10] [2025-04-30 11:23:10] VNC server started successfully with PID 7669
[2025-04-30 11:23:10] [2025-04-30 11:23:10] WARNING: VisoMaster not running, restarting...
[2025-04-30 11:23:10] [2025-04-30 11:23:10] Starting VisoMaster...
[2025-04-30 11:23:10] total 76
[2025-04-30 11:23:10] drwxr-xr-x 11 root root  4096 Apr 30 11:12 .
[2025-04-30 11:23:10] drwxr-xr-x  1 root root   156 Apr 30 11:12 ..
[2025-04-30 11:23:10] drwxr-xr-x  6 root root    67 Apr 30 11:12 app
[2025-04-30 11:23:10] -rw-r--r--  1 root root   241 Apr 30 11:12 download_models.py
[2025-04-30 11:23:10] drwxr-xr-x  8 root root   163 Apr 30 11:12 .git
[2025-04-30 11:23:10] drwxr-xr-x  2 root root     6 Apr 30 11:12 Images
[2025-04-30 11:23:10] -rw-r--r--  1 root root 35149 Apr 30 11:12 LICENSE
[2025-04-30 11:23:10] -rw-r--r--  1 root root   514 Apr 30 11:12 main.py
[2025-04-30 11:23:10] drwxr-xr-x  3 root root   123 Apr 30 11:12 model_assets
[2025-04-30 11:23:10] drwxr-xr-x  2 root root     6 Apr 30 11:12 models
[2025-04-30 11:23:10] drwxr-xr-x  2 root root     6 Apr 30 11:12 Output
[2025-04-30 11:23:10] -rw-r--r--  1 root root  7702 Apr 30 11:12 README.md
[2025-04-30 11:23:10] -rw-r--r--  1 root root   116 Apr 30 11:12 requirements_cu124.txt
[2025-04-30 11:23:10] -rw-r--r--  1 root root   428 Apr 30 11:12 requirements.txt
[2025-04-30 11:23:10] drwxr-xr-x  2 root root    72 Apr 30 11:12 scripts
[2025-04-30 11:23:10] -rw-r--r--  1 root root   231 Apr 30 11:12 Start.bat
[2025-04-30 11:23:10] -rw-r--r--  1 root root    59 Apr 30 11:12 Start_Portable.bat
[2025-04-30 11:23:10] drwxr-xr-x  2 root root    44 Apr 30 11:12 tools
[2025-04-30 11:23:10] -rw-r--r--  1 root root   318 Apr 30 11:12 Update_Portable.bat
[2025-04-30 11:23:10] drwxr-xr-x  2 root root     6 Apr 30 11:12 Videos
[2025-04-30 11:23:13] [2025-04-30 11:23:13] ERROR: ERROR in VisoMaster: VisoMaster application failed to start
[2025-04-30 11:23:13] Continuing execution despite the error in VisoMaster...
[2025-04-30 11:23:43] [2025-04-30 11:23:43] WARNING: Jupyter Lab not running, restarting...
[2025-04-30 11:23:43] [2025-04-30 11:23:43] Starting Jupyter...
[2025-04-30 11:23:46] [2025-04-30 11:23:46] ERROR: ERROR in Jupyter: Jupyter failed to start
[2025-04-30 11:23:46] Continuing execution despite the error in Jupyter...
[2025-04-30 11:23:46] [2025-04-30 11:23:46] WARNING: VNC server not running, restarting...
[2025-04-30 11:23:46] [2025-04-30 11:23:46] Starting VNC server...
[2025-04-30 11:23:46] [2025-04-30 11:23:46] Starting VNC using the pre-configured startup script
[2025-04-30 11:23:51] [2025-04-30 11:23:51] VNC server started successfully with PID 8299
[2025-04-30 11:23:51] [2025-04-30 11:23:51] WARNING: VisoMaster not running, restarting...
[2025-04-30 11:23:51] [2025-04-30 11:23:51] Starting VisoMaster...
[2025-04-30 11:23:51] total 76
[2025-04-30 11:23:51] drwxr-xr-x 11 root root  4096 Apr 30 11:12 .
[2025-04-30 11:23:51] drwxr-xr-x  1 root root   156 Apr 30 11:12 ..
[2025-04-30 11:23:51] drwxr-xr-x  6 root root    67 Apr 30 11:12 app
[2025-04-30 11:23:51] -rw-r--r--  1 root root   241 Apr 30 11:12 download_models.py
[2025-04-30 11:23:51] drwxr-xr-x  8 root root   163 Apr 30 11:12 .git
[2025-04-30 11:23:51] drwxr-xr-x  2 root root     6 Apr 30 11:12 Images
[2025-04-30 11:23:51] -rw-r--r--  1 root root 35149 Apr 30 11:12 LICENSE
[2025-04-30 11:23:51] -rw-r--r--  1 root root   514 Apr 30 11:12 main.py
[2025-04-30 11:23:51] drwxr-xr-x  3 root root   123 Apr 30 11:12 model_assets
[2025-04-30 11:23:51] drwxr-xr-x  2 root root     6 Apr 30 11:12 models
[2025-04-30 11:23:51] drwxr-xr-x  2 root root     6 Apr 30 11:12 Output
[2025-04-30 11:23:51] -rw-r--r--  1 root root  7702 Apr 30 11:12 README.md
[2025-04-30 11:23:51] -rw-r--r--  1 root root   116 Apr 30 11:12 requirements_cu124.txt
[2025-04-30 11:23:51] -rw-r--r--  1 root root   428 Apr 30 11:12 requirements.txt
[2025-04-30 11:23:51] drwxr-xr-x  2 root root    72 Apr 30 11:12 scripts
[2025-04-30 11:23:51] -rw-r--r--  1 root root   231 Apr 30 11:12 Start.bat
[2025-04-30 11:23:51] -rw-r--r--  1 root root    59 Apr 30 11:12 Start_Portable.bat
[2025-04-30 11:23:51] drwxr-xr-x  2 root root    44 Apr 30 11:12 tools
[2025-04-30 11:23:51] -rw-r--r--  1 root root   318 Apr 30 11:12 Update_Portable.bat
[2025-04-30 11:23:51] drwxr-xr-x  2 root root     6 Apr 30 11:12 Videos
[2025-04-30 11:23:54] [2025-04-30 11:23:54] ERROR: ERROR in VisoMaster: VisoMaster application failed to start
[2025-04-30 11:23:54] Continuing execution despite the error in VisoMaster...
[2025-04-30 11:24:24] [2025-04-30 11:24:24] WARNING: Jupyter Lab not running, restarting...
[2025-04-30 11:24:24] [2025-04-30 11:24:24] Starting Jupyter...
[2025-04-30 11:24:27] [2025-04-30 11:24:27] ERROR: ERROR in Jupyter: Jupyter failed to start
[2025-04-30 11:24:27] Continuing execution despite the error in Jupyter...
[2025-04-30 11:24:27] [2025-04-30 11:24:27] WARNING: VNC server not running, restarting...
[2025-04-30 11:24:27] [2025-04-30 11:24:27] Starting VNC server...
[2025-04-30 11:24:27] [2025-04-30 11:24:27] Starting VNC using the pre-configured startup script
[2025-04-30 11:24:32] [2025-04-30 11:24:32] VNC server started successfully with PID 8937
[2025-04-30 11:24:32] [2025-04-30 11:24:32] WARNING: VisoMaster not running, restarting...
[2025-04-30 11:24:32] [2025-04-30 11:24:32] Starting VisoMaster...
[2025-04-30 11:24:32] total 76
[2025-04-30 11:24:32] drwxr-xr-x 11 root root  4096 Apr 30 11:12 .
[2025-04-30 11:24:32] drwxr-xr-x  1 root root   156 Apr 30 11:12 ..
[2025-04-30 11:24:32] drwxr-xr-x  6 root root    67 Apr 30 11:12 app
[2025-04-30 11:24:32] -rw-r--r--  1 root root   241 Apr 30 11:12 download_models.py
[2025-04-30 11:24:32] drwxr-xr-x  8 root root   163 Apr 30 11:12 .git
[2025-04-30 11:24:32] drwxr-xr-x  2 root root     6 Apr 30 11:12 Images
[2025-04-30 11:24:32] -rw-r--r--  1 root root 35149 Apr 30 11:12 LICENSE
[2025-04-30 11:24:32] -rw-r--r--  1 root root   514 Apr 30 11:12 main.py
[2025-04-30 11:24:32] drwxr-xr-x  3 root root   123 Apr 30 11:12 model_assets
[2025-04-30 11:24:32] drwxr-xr-x  2 root root     6 Apr 30 11:12 models
[2025-04-30 11:24:32] drwxr-xr-x  2 root root     6 Apr 30 11:12 Output
[2025-04-30 11:24:32] -rw-r--r--  1 root root  7702 Apr 30 11:12 README.md
[2025-04-30 11:24:32] -rw-r--r--  1 root root   116 Apr 30 11:12 requirements_cu124.txt
[2025-04-30 11:24:32] -rw-r--r--  1 root root   428 Apr 30 11:12 requirements.txt
[2025-04-30 11:24:32] drwxr-xr-x  2 root root    72 Apr 30 11:12 scripts
[2025-04-30 11:24:32] -rw-r--r--  1 root root   231 Apr 30 11:12 Start.bat
[2025-04-30 11:24:32] -rw-r--r--  1 root root    59 Apr 30 11:12 Start_Portable.bat
[2025-04-30 11:24:32] drwxr-xr-x  2 root root    44 Apr 30 11:12 tools
[2025-04-30 11:24:32] -rw-r--r--  1 root root   318 Apr 30 11:12 Update_Portable.bat
[2025-04-30 11:24:32] drwxr-xr-x  2 root root     6 Apr 30 11:12 Videos
[2025-04-30 11:24:35] [2025-04-30 11:24:35] ERROR: ERROR in VisoMaster: VisoMaster application failed to start
[2025-04-30 11:24:35] Continuing execution despite the error in VisoMaster...
[2025-04-30 11:25:05] [2025-04-30 11:25:05] WARNING: Jupyter Lab not running, restarting...
[2025-04-30 11:25:05] [2025-04-30 11:25:05] Starting Jupyter...
[2025-04-30 11:25:08] [2025-04-30 11:25:08] ERROR: ERROR in Jupyter: Jupyter failed to start
[2025-04-30 11:25:08] Continuing execution despite the error in Jupyter...
[2025-04-30 11:25:08] [2025-04-30 11:25:08] WARNING: VNC server not running, restarting...
[2025-04-30 11:25:08] [2025-04-30 11:25:08] Starting VNC server...
[2025-04-30 11:25:09] [2025-04-30 11:25:09] Starting VNC using the pre-configured startup script
[2025-04-30 11:25:14] [2025-04-30 11:25:14] VNC server started successfully with PID 9568
[2025-04-30 11:25:14] [2025-04-30 11:25:14] WARNING: VisoMaster not running, restarting...
[2025-04-30 11:25:14] [2025-04-30 11:25:14] Starting VisoMaster...
[2025-04-30 11:25:14] total 76
[2025-04-30 11:25:14] drwxr-xr-x 11 root root  4096 Apr 30 11:12 .
[2025-04-30 11:25:14] drwxr-xr-x  1 root root   156 Apr 30 11:12 ..
[2025-04-30 11:25:14] drwxr-xr-x  6 root root    67 Apr 30 11:12 app
[2025-04-30 11:25:14] -rw-r--r--  1 root root   241 Apr 30 11:12 download_models.py
[2025-04-30 11:25:14] drwxr-xr-x  8 root root   163 Apr 30 11:12 .git
[2025-04-30 11:25:14] drwxr-xr-x  2 root root     6 Apr 30 11:12 Images
[2025-04-30 11:25:14] -rw-r--r--  1 root root 35149 Apr 30 11:12 LICENSE
[2025-04-30 11:25:14] -rw-r--r--  1 root root   514 Apr 30 11:12 main.py
[2025-04-30 11:25:14] drwxr-xr-x  3 root root   123 Apr 30 11:12 model_assets
[2025-04-30 11:25:14] drwxr-xr-x  2 root root     6 Apr 30 11:12 models
[2025-04-30 11:25:14] drwxr-xr-x  2 root root     6 Apr 30 11:12 Output
[2025-04-30 11:25:14] -rw-r--r--  1 root root  7702 Apr 30 11:12 README.md
[2025-04-30 11:25:14] -rw-r--r--  1 root root   116 Apr 30 11:12 requirements_cu124.txt
[2025-04-30 11:25:14] -rw-r--r--  1 root root   428 Apr 30 11:12 requirements.txt
[2025-04-30 11:25:14] drwxr-xr-x  2 root root    72 Apr 30 11:12 scripts
[2025-04-30 11:25:14] -rw-r--r--  1 root root   231 Apr 30 11:12 Start.bat
[2025-04-30 11:25:14] -rw-r--r--  1 root root    59 Apr 30 11:12 Start_Portable.bat
[2025-04-30 11:25:14] drwxr-xr-x  2 root root    44 Apr 30 11:12 tools
[2025-04-30 11:25:14] -rw-r--r--  1 root root   318 Apr 30 11:12 Update_Portable.bat
[2025-04-30 11:25:14] drwxr-xr-x  2 root root     6 Apr 30 11:12 Videos
[2025-04-30 11:25:17] [2025-04-30 11:25:17] ERROR: ERROR in VisoMaster: VisoMaster application failed to start
[2025-04-30 11:25:17] Continuing execution despite the error in VisoMaster...
[2025-04-30 11:25:47] [2025-04-30 11:25:47] WARNING: Jupyter Lab not running, restarting...
[2025-04-30 11:25:47] [2025-04-30 11:25:47] Starting Jupyter...
[2025-04-30 11:25:50] [2025-04-30 11:25:50] ERROR: ERROR in Jupyter: Jupyter failed to start
[2025-04-30 11:25:50] Continuing execution despite the error in Jupyter...
[2025-04-30 11:25:50] [2025-04-30 11:25:50] WARNING: VNC server not running, restarting...
[2025-04-30 11:25:50] [2025-04-30 11:25:50] Starting VNC server...
[2025-04-30 11:25:50] [2025-04-30 11:25:50] Starting VNC using the pre-configured startup script
[2025-04-30 11:25:55] [2025-04-30 11:25:55] VNC server started successfully with PID 10195
[2025-04-30 11:25:55] [2025-04-30 11:25:55] WARNING: VisoMaster not running, restarting...
[2025-04-30 11:25:55] [2025-04-30 11:25:55] Starting VisoMaster...
[2025-04-30 11:25:55] total 76
[2025-04-30 11:25:55] drwxr-xr-x 11 root root  4096 Apr 30 11:12 .
[2025-04-30 11:25:55] drwxr-xr-x  1 root root   156 Apr 30 11:12 ..
[2025-04-30 11:25:55] drwxr-xr-x  6 root root    67 Apr 30 11:12 app
[2025-04-30 11:25:55] -rw-r--r--  1 root root   241 Apr 30 11:12 download_models.py
[2025-04-30 11:25:55] drwxr-xr-x  8 root root   163 Apr 30 11:12 .git
[2025-04-30 11:25:55] drwxr-xr-x  2 root root     6 Apr 30 11:12 Images
[2025-04-30 11:25:55] -rw-r--r--  1 root root 35149 Apr 30 11:12 LICENSE
[2025-04-30 11:25:55] -rw-r--r--  1 root root   514 Apr 30 11:12 main.py
[2025-04-30 11:25:55] drwxr-xr-x  3 root root   123 Apr 30 11:12 model_assets
[2025-04-30 11:25:55] drwxr-xr-x  2 root root     6 Apr 30 11:12 models
[2025-04-30 11:25:55] drwxr-xr-x  2 root root     6 Apr 30 11:12 Output
[2025-04-30 11:25:55] -rw-r--r--  1 root root  7702 Apr 30 11:12 README.md
[2025-04-30 11:25:55] -rw-r--r--  1 root root   116 Apr 30 11:12 requirements_cu124.txt
[2025-04-30 11:25:55] -rw-r--r--  1 root root   428 Apr 30 11:12 requirements.txt
[2025-04-30 11:25:55] drwxr-xr-x  2 root root    72 Apr 30 11:12 scripts
[2025-04-30 11:25:55] -rw-r--r--  1 root root   231 Apr 30 11:12 Start.bat
[2025-04-30 11:25:55] -rw-r--r--  1 root root    59 Apr 30 11:12 Start_Portable.bat
[2025-04-30 11:25:55] drwxr-xr-x  2 root root    44 Apr 30 11:12 tools
[2025-04-30 11:25:55] -rw-r--r--  1 root root   318 Apr 30 11:12 Update_Portable.bat
[2025-04-30 11:25:55] drwxr-xr-x  2 root root     6 Apr 30 11:12 Videos
[2025-04-30 11:25:58] [2025-04-30 11:25:58] ERROR: ERROR in VisoMaster: VisoMaster application failed to start
[2025-04-30 11:25:58] Continuing execution despite the error in VisoMaster...
[2025-04-30 11:26:28] [2025-04-30 11:26:28] WARNING: Jupyter Lab not running, restarting...
[2025-04-30 11:26:28] [2025-04-30 11:26:28] Starting Jupyter...
[2025-04-30 11:26:31] [2025-04-30 11:26:31] ERROR: ERROR in Jupyter: Jupyter failed to start
[2025-04-30 11:26:31] Continuing execution despite the error in Jupyter...
[2025-04-30 11:26:31] [2025-04-30 11:26:31] WARNING: VNC server not running, restarting...
[2025-04-30 11:26:31] [2025-04-30 11:26:31] Starting VNC server...
[2025-04-30 11:26:31] [2025-04-30 11:26:31] Starting VNC using the pre-configured startup script
[2025-04-30 11:26:36] [2025-04-30 11:26:36] VNC server started successfully with PID 10806
[2025-04-30 11:26:36] [2025-04-30 11:26:36] WARNING: VisoMaster not running, restarting...
[2025-04-30 11:26:36] [2025-04-30 11:26:36] Starting VisoMaster...
[2025-04-30 11:26:36] total 76
[2025-04-30 11:26:36] drwxr-xr-x 11 root root  4096 Apr 30 11:12 .
[2025-04-30 11:26:36] drwxr-xr-x  1 root root   156 Apr 30 11:12 ..
[2025-04-30 11:26:36] drwxr-xr-x  6 root root    67 Apr 30 11:12 app
[2025-04-30 11:26:36] -rw-r--r--  1 root root   241 Apr 30 11:12 download_models.py
[2025-04-30 11:26:36] drwxr-xr-x  8 root root   163 Apr 30 11:12 .git
[2025-04-30 11:26:36] drwxr-xr-x  2 root root     6 Apr 30 11:12 Images
[2025-04-30 11:26:36] -rw-r--r--  1 root root 35149 Apr 30 11:12 LICENSE
[2025-04-30 11:26:36] -rw-r--r--  1 root root   514 Apr 30 11:12 main.py
[2025-04-30 11:26:36] drwxr-xr-x  3 root root   123 Apr 30 11:12 model_assets
[2025-04-30 11:26:36] drwxr-xr-x  2 root root     6 Apr 30 11:12 models
[2025-04-30 11:26:36] drwxr-xr-x  2 root root     6 Apr 30 11:12 Output
[2025-04-30 11:26:36] -rw-r--r--  1 root root  7702 Apr 30 11:12 README.md
[2025-04-30 11:26:36] -rw-r--r--  1 root root   116 Apr 30 11:12 requirements_cu124.txt
[2025-04-30 11:26:36] -rw-r--r--  1 root root   428 Apr 30 11:12 requirements.txt
[2025-04-30 11:26:36] drwxr-xr-x  2 root root    72 Apr 30 11:12 scripts
[2025-04-30 11:26:36] -rw-r--r--  1 root root   231 Apr 30 11:12 Start.bat
[2025-04-30 11:26:36] -rw-r--r--  1 root root    59 Apr 30 11:12 Start_Portable.bat
[2025-04-30 11:26:36] drwxr-xr-x  2 root root    44 Apr 30 11:12 tools
[2025-04-30 11:26:36] -rw-r--r--  1 root root   318 Apr 30 11:12 Update_Portable.bat
[2025-04-30 11:26:36] drwxr-xr-x  2 root root     6 Apr 30 11:12 Videos
[2025-04-30 11:26:39] [2025-04-30 11:26:39] ERROR: ERROR in VisoMaster: VisoMaster application failed to start
[2025-04-30 11:26:39] Continuing execution despite the error in VisoMaster...
[2025-04-30 11:27:09] [2025-04-30 11:27:09] WARNING: Jupyter Lab not running, restarting...
[2025-04-30 11:27:09] [2025-04-30 11:27:09] Starting Jupyter...
[2025-04-30 11:27:12] [2025-04-30 11:27:12] ERROR: ERROR in Jupyter: Jupyter failed to start
[2025-04-30 11:27:12] Continuing execution despite the error in Jupyter...
[2025-04-30 11:27:12] [2025-04-30 11:27:12] WARNING: VNC server not running, restarting...
[2025-04-30 11:27:12] [2025-04-30 11:27:12] Starting VNC server...
[2025-04-30 11:27:12] [2025-04-30 11:27:12] Starting VNC using the pre-configured startup script
[2025-04-30 11:27:17] [2025-04-30 11:27:17] VNC server started successfully with PID 11417
[2025-04-30 11:27:17] [2025-04-30 11:27:17] WARNING: VisoMaster not running, restarting...
[2025-04-30 11:27:17] [2025-04-30 11:27:17] Starting VisoMaster...
[2025-04-30 11:27:17] total 76
[2025-04-30 11:27:17] drwxr-xr-x 11 root root  4096 Apr 30 11:12 .
[2025-04-30 11:27:17] drwxr-xr-x  1 root root   156 Apr 30 11:12 ..
[2025-04-30 11:27:17] drwxr-xr-x  6 root root    67 Apr 30 11:12 app
[2025-04-30 11:27:17] -rw-r--r--  1 root root   241 Apr 30 11:12 download_models.py
[2025-04-30 11:27:17] drwxr-xr-x  8 root root   163 Apr 30 11:12 .git
[2025-04-30 11:27:17] drwxr-xr-x  2 root root     6 Apr 30 11:12 Images
[2025-04-30 11:27:17] -rw-r--r--  1 root root 35149 Apr 30 11:12 LICENSE
[2025-04-30 11:27:17] -rw-r--r--  1 root root   514 Apr 30 11:12 main.py
[2025-04-30 11:27:17] drwxr-xr-x  3 root root   123 Apr 30 11:12 model_assets
[2025-04-30 11:27:17] drwxr-xr-x  2 root root     6 Apr 30 11:12 models
[2025-04-30 11:27:17] drwxr-xr-x  2 root root     6 Apr 30 11:12 Output
[2025-04-30 11:27:17] -rw-r--r--  1 root root  7702 Apr 30 11:12 README.md
[2025-04-30 11:27:17] -rw-r--r--  1 root root   116 Apr 30 11:12 requirements_cu124.txt
[2025-04-30 11:27:17] -rw-r--r--  1 root root   428 Apr 30 11:12 requirements.txt
[2025-04-30 11:27:17] drwxr-xr-x  2 root root    72 Apr 30 11:12 scripts
[2025-04-30 11:27:17] -rw-r--r--  1 root root   231 Apr 30 11:12 Start.bat
[2025-04-30 11:27:17] -rw-r--r--  1 root root    59 Apr 30 11:12 Start_Portable.bat
[2025-04-30 11:27:17] drwxr-xr-x  2 root root    44 Apr 30 11:12 tools
[2025-04-30 11:27:17] -rw-r--r--  1 root root   318 Apr 30 11:12 Update_Portable.bat
[2025-04-30 11:27:17] drwxr-xr-x  2 root root     6 Apr 30 11:12 Videos
[2025-04-30 11:27:20] [2025-04-30 11:27:20] ERROR: ERROR in VisoMaster: VisoMaster application failed to start
[2025-04-30 11:27:20] Continuing execution despite the error in VisoMaster...
[2025-04-30 11:27:50] [2025-04-30 11:27:50] WARNING: Jupyter Lab not running, restarting...
[2025-04-30 11:27:50] [2025-04-30 11:27:50] Starting Jupyter...
[2025-04-30 11:27:53] [2025-04-30 11:27:53] ERROR: ERROR in Jupyter: Jupyter failed to start
[2025-04-30 11:27:53] Continuing execution despite the error in Jupyter...
[2025-04-30 11:27:53] [2025-04-30 11:27:53] WARNING: VNC server not running, restarting...
[2025-04-30 11:27:53] [2025-04-30 11:27:53] Starting VNC server...
[2025-04-30 11:27:53] [2025-04-30 11:27:53] Starting VNC using the pre-configured startup script
[2025-04-30 11:27:58] [2025-04-30 11:27:58] VNC server started successfully with PID 12040
[2025-04-30 11:27:58] [2025-04-30 11:27:58] WARNING: VisoMaster not running, restarting...
[2025-04-30 11:27:58] [2025-04-30 11:27:58] Starting VisoMaster...
[2025-04-30 11:27:58] total 76
[2025-04-30 11:27:58] drwxr-xr-x 11 root root  4096 Apr 30 11:12 .
[2025-04-30 11:27:58] drwxr-xr-x  1 root root   156 Apr 30 11:12 ..
[2025-04-30 11:27:58] drwxr-xr-x  6 root root    67 Apr 30 11:12 app
[2025-04-30 11:27:58] -rw-r--r--  1 root root   241 Apr 30 11:12 download_models.py
[2025-04-30 11:27:58] drwxr-xr-x  8 root root   163 Apr 30 11:12 .git
[2025-04-30 11:27:58] drwxr-xr-x  2 root root     6 Apr 30 11:12 Images
[2025-04-30 11:27:58] -rw-r--r--  1 root root 35149 Apr 30 11:12 LICENSE
[2025-04-30 11:27:58] -rw-r--r--  1 root root   514 Apr 30 11:12 main.py
[2025-04-30 11:27:58] drwxr-xr-x  3 root root   123 Apr 30 11:12 model_assets
[2025-04-30 11:27:58] drwxr-xr-x  2 root root     6 Apr 30 11:12 models
[2025-04-30 11:27:58] drwxr-xr-x  2 root root     6 Apr 30 11:12 Output
[2025-04-30 11:27:58] -rw-r--r--  1 root root  7702 Apr 30 11:12 README.md
[2025-04-30 11:27:58] -rw-r--r--  1 root root   116 Apr 30 11:12 requirements_cu124.txt
[2025-04-30 11:27:58] -rw-r--r--  1 root root   428 Apr 30 11:12 requirements.txt
[2025-04-30 11:27:58] drwxr-xr-x  2 root root    72 Apr 30 11:12 scripts
[2025-04-30 11:27:58] -rw-r--r--  1 root root   231 Apr 30 11:12 Start.bat
[2025-04-30 11:27:59] -rw-r--r--  1 root root    59 Apr 30 11:12 Start_Portable.bat
[2025-04-30 11:27:59] drwxr-xr-x  2 root root    44 Apr 30 11:12 tools
[2025-04-30 11:27:59] -rw-r--r--  1 root root   318 Apr 30 11:12 Update_Portable.bat
[2025-04-30 11:27:59] drwxr-xr-x  2 root root     6 Apr 30 11:12 Videos
[2025-04-30 11:28:01] [2025-04-30 11:28:01] ERROR: ERROR in VisoMaster: VisoMaster application failed to start
[2025-04-30 11:28:01] Continuing execution despite the error in VisoMaster...
[2025-04-30 11:28:31] [2025-04-30 11:28:31] WARNING: Jupyter Lab not running, restarting...
[2025-04-30 11:28:31] [2025-04-30 11:28:31] Starting Jupyter...
[2025-04-30 11:28:35] [2025-04-30 11:28:35] ERROR: ERROR in Jupyter: Jupyter failed to start
[2025-04-30 11:28:35] Continuing execution despite the error in Jupyter...
[2025-04-30 11:28:35] [2025-04-30 11:28:35] WARNING: VNC server not running, restarting...
[2025-04-30 11:28:35] [2025-04-30 11:28:35] Starting VNC server...
[2025-04-30 11:28:35] [2025-04-30 11:28:35] Starting VNC using the pre-configured startup script
[2025-04-30 11:28:40] [2025-04-30 11:28:40] VNC server started successfully with PID 12657
[2025-04-30 11:28:40] [2025-04-30 11:28:40] WARNING: VisoMaster not running, restarting...
[2025-04-30 11:28:40] [2025-04-30 11:28:40] Starting VisoMaster...
[2025-04-30 11:28:40] total 76
[2025-04-30 11:28:40] drwxr-xr-x 11 root root  4096 Apr 30 11:12 .
[2025-04-30 11:28:40] drwxr-xr-x  1 root root   156 Apr 30 11:12 ..
[2025-04-30 11:28:40] drwxr-xr-x  6 root root    67 Apr 30 11:12 app
[2025-04-30 11:28:40] -rw-r--r--  1 root root   241 Apr 30 11:12 download_models.py
[2025-04-30 11:28:40] drwxr-xr-x  8 root root   163 Apr 30 11:12 .git
[2025-04-30 11:28:40] drwxr-xr-x  2 root root     6 Apr 30 11:12 Images
[2025-04-30 11:28:40] -rw-r--r--  1 root root 35149 Apr 30 11:12 LICENSE
[2025-04-30 11:28:40] -rw-r--r--  1 root root   514 Apr 30 11:12 main.py
[2025-04-30 11:28:40] drwxr-xr-x  3 root root   123 Apr 30 11:12 model_assets
[2025-04-30 11:28:40] drwxr-xr-x  2 root root     6 Apr 30 11:12 models
[2025-04-30 11:28:40] drwxr-xr-x  2 root root     6 Apr 30 11:12 Output
[2025-04-30 11:28:40] -rw-r--r--  1 root root  7702 Apr 30 11:12 README.md
[2025-04-30 11:28:40] -rw-r--r--  1 root root   116 Apr 30 11:12 requirements_cu124.txt
[2025-04-30 11:28:40] -rw-r--r--  1 root root   428 Apr 30 11:12 requirements.txt
[2025-04-30 11:28:40] drwxr-xr-x  2 root root    72 Apr 30 11:12 scripts
[2025-04-30 11:28:40] -rw-r--r--  1 root root   231 Apr 30 11:12 Start.bat
[2025-04-30 11:28:40] -rw-r--r--  1 root root    59 Apr 30 11:12 Start_Portable.bat
[2025-04-30 11:28:40] drwxr-xr-x  2 root root    44 Apr 30 11:12 tools
[2025-04-30 11:28:40] -rw-r--r--  1 root root   318 Apr 30 11:12 Update_Portable.bat
[2025-04-30 11:28:40] drwxr-xr-x  2 root root     6 Apr 30 11:12 Videos
[2025-04-30 11:28:43] [2025-04-30 11:28:43] ERROR: ERROR in VisoMaster: VisoMaster application failed to start
[2025-04-30 11:28:43] Continuing execution despite the error in VisoMaster...
